<?xml version="1.0" encoding="UTF-8"?>
<coverage generated="1783703882468" clover="3.2.0">
  <project timestamp="1783703882468" name="All files">
    <metrics statements="436" coveredstatements="422" conditionals="338" coveredconditionals="300" methods="171" coveredmethods="163" elements="945" coveredelements="885" complexity="0" loc="436" ncloc="436" packages="11" files="33" classes="33"/>
    <package name="animation">
      <metrics statements="70" coveredstatements="66" conditionals="34" coveredconditionals="27" methods="24" coveredmethods="23"/>
      <file name="FlyingCartOverlay.tsx" path="/home/user/bumpa/src/animation/FlyingCartOverlay.tsx">
        <metrics statements="22" coveredstatements="19" conditionals="9" coveredconditionals="5" methods="8" coveredmethods="7"/>
        <line num="37" count="58" type="stmt"/>
        <line num="38" count="58" type="stmt"/>
        <line num="40" count="58" type="stmt"/>
        <line num="41" count="13" type="stmt"/>
        <line num="48" count="24" type="stmt"/>
        <line num="55" count="58" type="stmt"/>
        <line num="56" count="6640" type="stmt"/>
        <line num="58" count="6640" type="stmt"/>
        <line num="59" count="6640" type="stmt"/>
        <line num="60" count="6640" type="stmt"/>
        <line num="61" count="6640" type="stmt"/>
        <line num="63" count="6640" type="cond" truecount="2" falsecount="0"/>
        <line num="64" count="6640" type="stmt"/>
        <line num="74" count="58" type="stmt"/>
        <line num="98" count="0" type="stmt"/>
        <line num="99" count="0" type="cond" truecount="0" falsecount="2"/>
        <line num="100" count="0" type="stmt"/>
        <line num="141" count="27" type="stmt"/>
        <line num="142" count="27" type="stmt"/>
        <line num="144" count="27" type="stmt"/>
        <line num="147" count="58" type="stmt"/>
        <line num="154" count="3" type="stmt"/>
      </file>
      <file name="animation.constants.ts" path="/home/user/bumpa/src/animation/animation.constants.ts">
        <metrics statements="7" coveredstatements="7" conditionals="0" coveredconditionals="0" methods="0" coveredmethods="0"/>
        <line num="6" count="3" type="stmt"/>
        <line num="9" count="3" type="stmt"/>
        <line num="16" count="3" type="stmt"/>
        <line num="19" count="3" type="stmt"/>
        <line num="20" count="3" type="stmt"/>
        <line num="28" count="3" type="stmt"/>
        <line num="29" count="3" type="stmt"/>
      </file>
      <file name="flightController.tsx" path="/home/user/bumpa/src/animation/flightController.tsx">
        <metrics statements="32" coveredstatements="31" conditionals="15" coveredconditionals="13" methods="12" coveredmethods="12"/>
        <line num="52" count="6" type="stmt"/>
        <line num="55" count="43" type="cond" truecount="2" falsecount="0"/>
        <line num="57" count="27" type="stmt"/>
        <line num="70" count="78" type="stmt"/>
        <line num="77" count="31" type="stmt"/>
        <line num="91" count="6" type="stmt"/>
        <line num="100" count="37" type="stmt"/>
        <line num="101" count="37" type="stmt"/>
        <line num="102" count="37" type="stmt"/>
        <line num="106" count="37" type="stmt"/>
        <line num="107" count="21" type="stmt"/>
        <line num="108" count="21" type="stmt"/>
        <line num="109" count="21" type="cond" truecount="3" falsecount="1"/>
        <line num="111" count="21" type="stmt"/>
        <line num="112" count="21" type="stmt"/>
        <line num="113" count="21" type="stmt"/>
        <line num="114" count="21" type="stmt"/>
        <line num="118" count="37" type="cond" truecount="2" falsecount="0"/>
        <line num="120" count="37" type="stmt"/>
        <line num="123" count="15" type="cond" truecount="4" falsecount="0"/>
        <line num="124" count="13" type="stmt"/>
        <line num="125" count="13" type="stmt"/>
        <line num="130" count="37" type="stmt"/>
        <line num="131" count="37" type="stmt"/>
        <line num="132" count="25" type="stmt"/>
        <line num="135" count="37" type="stmt"/>
        <line num="136" count="37" type="stmt"/>
        <line num="146" count="37" type="stmt"/>
        <line num="150" count="124" type="stmt"/>
        <line num="151" count="124" type="cond" truecount="1" falsecount="1"/>
        <line num="152" count="0" type="stmt"/>
        <line num="154" count="124" type="stmt"/>
      </file>
      <file name="useFlyToCart.ts" path="/home/user/bumpa/src/animation/useFlyToCart.ts">
        <metrics statements="9" coveredstatements="9" conditionals="10" coveredconditionals="9" methods="4" coveredmethods="4"/>
        <line num="17" count="46" type="stmt"/>
        <line num="19" count="46" type="stmt"/>
        <line num="21" count="7" type="cond" truecount="1" falsecount="1"/>
        <line num="22" count="7" type="stmt"/>
        <line num="23" count="7" type="cond" truecount="4" falsecount="0"/>
        <line num="24" count="5" type="stmt"/>
        <line num="26" count="5" type="cond" truecount="4" falsecount="0"/>
        <line num="27" count="1" type="stmt"/>
        <line num="29" count="1" type="stmt"/>
      </file>
    </package>
    <package name="api">
      <metrics statements="78" coveredstatements="77" conditionals="78" coveredconditionals="73" methods="22" coveredmethods="22"/>
      <file name="books.ts" path="/home/user/bumpa/src/api/books.ts">
        <metrics statements="30" coveredstatements="29" conditionals="26" coveredconditionals="24" methods="8" coveredmethods="8"/>
        <line num="6" count="5" type="stmt"/>
        <line num="7" count="5" type="stmt"/>
        <line num="9" count="5" type="stmt"/>
        <line num="10" count="5" type="stmt"/>
        <line num="24" count="6" type="stmt"/>
        <line num="30" count="6" type="stmt"/>
        <line num="35" count="6" type="cond" truecount="2" falsecount="0"/>
        <line num="37" count="4" type="stmt"/>
        <line num="38" count="4" type="stmt"/>
        <line num="50" count="5" type="stmt"/>
        <line num="52" count="2" type="stmt"/>
        <line num="57" count="2" type="cond" truecount="4" falsecount="0"/>
        <line num="60" count="5" type="stmt"/>
        <line num="73" count="8" type="stmt"/>
        <line num="74" count="10" type="stmt"/>
        <line num="76" count="8" type="stmt"/>
        <line num="77" count="7" type="cond" truecount="4" falsecount="0"/>
        <line num="78" count="2" type="cond" truecount="1" falsecount="1"/>
        <line num="79" count="2" type="stmt"/>
        <line num="80" count="2" type="cond" truecount="3" falsecount="1"/>
        <line num="81" count="0" type="stmt"/>
        <line num="83" count="2" type="stmt"/>
        <line num="84" count="2" type="cond" truecount="4" falsecount="0"/>
        <line num="85" count="1" type="stmt"/>
        <line num="88" count="6" type="cond" truecount="2" falsecount="0"/>
        <line num="90" count="5" type="cond" truecount="2" falsecount="0"/>
        <line num="91" count="2" type="stmt"/>
        <line num="92" count="2" type="stmt"/>
        <line num="93" count="5" type="stmt"/>
        <line num="95" count="5" type="stmt"/>
      </file>
      <file name="client.ts" path="/home/user/bumpa/src/api/client.ts">
        <metrics statements="37" coveredstatements="37" conditionals="28" coveredconditionals="26" methods="5" coveredmethods="5"/>
        <line num="3" count="6" type="stmt"/>
        <line num="11" count="2" type="cond" truecount="2" falsecount="0"/>
        <line num="12" count="1" type="stmt"/>
        <line num="13" count="1" type="cond" truecount="3" falsecount="1"/>
        <line num="17" count="6" type="cond" truecount="2" falsecount="0"/>
        <line num="18" count="2" type="stmt"/>
        <line num="24" count="4" type="cond" truecount="2" falsecount="0"/>
        <line num="25" count="2" type="stmt"/>
        <line num="29" count="2" type="stmt"/>
        <line num="46" count="30" type="cond" truecount="1" falsecount="0"/>
        <line num="49" count="30" type="stmt"/>
        <line num="50" count="30" type="stmt"/>
        <line num="51" count="30" type="stmt"/>
        <line num="52" count="30" type="cond" truecount="2" falsecount="0"/>
        <line num="53" count="3" type="cond" truecount="2" falsecount="0"/>
        <line num="54" count="2" type="stmt"/>
        <line num="56" count="29" type="stmt"/>
        <line num="57" count="2" type="stmt"/>
        <line num="58" count="2" type="stmt"/>
        <line num="61" count="29" type="stmt"/>
        <line num="63" count="29" type="stmt"/>
        <line num="64" count="29" type="stmt"/>
        <line num="69" count="6" type="cond" truecount="2" falsecount="0"/>
        <line num="70" count="4" type="cond" truecount="2" falsecount="0"/>
        <line num="71" count="2" type="stmt"/>
        <line num="73" count="2" type="stmt"/>
        <line num="75" count="2" type="stmt"/>
        <line num="82" count="23" type="cond" truecount="2" falsecount="0"/>
        <line num="83" count="6" type="stmt"/>
        <line num="87" count="17" type="stmt"/>
        <line num="88" count="17" type="stmt"/>
        <line num="90" count="1" type="stmt"/>
        <line num="93" count="16" type="cond" truecount="2" falsecount="0"/>
        <line num="94" count="2" type="stmt"/>
        <line num="96" count="14" type="stmt"/>
        <line num="98" count="29" type="stmt"/>
        <line num="99" count="29" type="cond" truecount="2" falsecount="0"/>
      </file>
      <file name="errors.ts" path="/home/user/bumpa/src/api/errors.ts">
        <metrics statements="3" coveredstatements="3" conditionals="2" coveredconditionals="2" methods="3" coveredmethods="3"/>
        <line num="18" count="34" type="stmt"/>
        <line num="19" count="17" type="stmt"/>
        <line num="22" count="10" type="cond" truecount="2" falsecount="0"/>
      </file>
      <file name="upstream.ts" path="/home/user/bumpa/src/api/upstream.ts">
        <metrics statements="8" coveredstatements="8" conditionals="22" coveredconditionals="21" methods="6" coveredmethods="6"/>
        <line num="44" count="27" type="cond" truecount="2" falsecount="0"/>
        <line num="48" count="5" type="stmt"/>
        <line num="52" count="6" type="cond" truecount="3" falsecount="0"/>
        <line num="57" count="8" type="cond" truecount="3" falsecount="1"/>
        <line num="60" count="8" type="cond" truecount="3" falsecount="0"/>
        <line num="61" count="8" type="cond" truecount="2" falsecount="0"/>
        <line num="65" count="8" type="cond" truecount="2" falsecount="0"/>
        <line num="69" count="1" type="cond" truecount="2" falsecount="0"/>
      </file>
    </package>
    <package name="checkout">
      <metrics statements="2" coveredstatements="2" conditionals="1" coveredconditionals="1" methods="1" coveredmethods="1"/>
      <file name="reference.ts" path="/home/user/bumpa/src/checkout/reference.ts">
        <metrics statements="2" coveredstatements="2" conditionals="1" coveredconditionals="1" methods="1" coveredmethods="1"/>
        <line num="9" count="107" type="stmt"/>
        <line num="10" count="107" type="stmt"/>
      </file>
    </package>
    <package name="components">
      <metrics statements="41" coveredstatements="39" conditionals="42" coveredconditionals="39" methods="20" coveredmethods="18"/>
      <file name="BookCard.tsx" path="/home/user/bumpa/src/components/BookCard.tsx">
        <metrics statements="8" coveredstatements="8" conditionals="8" coveredconditionals="6" methods="5" coveredmethods="5"/>
        <line num="8" count="2" type="stmt"/>
        <line num="18" count="6" type="stmt"/>
        <line num="20" count="6" type="stmt"/>
        <line num="24" count="1" type="stmt"/>
        <line num="25" count="8" type="cond" truecount="2" falsecount="0"/>
        <line num="51" count="2" type="stmt"/>
        <line num="52" count="10" type="cond" truecount="2" falsecount="0"/>
        <line num="67" count="2" type="stmt"/>
      </file>
      <file name="CartBadge.tsx" path="/home/user/bumpa/src/components/CartBadge.tsx">
        <metrics statements="14" coveredstatements="12" conditionals="8" coveredconditionals="7" methods="5" coveredmethods="3"/>
        <line num="25" count="95" type="stmt"/>
        <line num="26" count="26" type="stmt"/>
        <line num="27" count="26" type="stmt"/>
        <line num="29" count="26" type="stmt"/>
        <line num="30" count="26" type="stmt"/>
        <line num="31" count="26" type="stmt"/>
        <line num="33" count="26" type="stmt"/>
        <line num="34" count="12" type="cond" truecount="2" falsecount="0"/>
        <line num="35" count="5" type="stmt"/>
        <line num="40" count="12" type="stmt"/>
        <line num="43" count="26" type="stmt"/>
        <line num="55" count="0" type="stmt"/>
        <line num="56" count="0" type="stmt"/>
        <line num="70" count="2" type="stmt"/>
      </file>
      <file name="EmptyView.tsx" path="/home/user/bumpa/src/components/EmptyView.tsx">
        <metrics statements="2" coveredstatements="2" conditionals="0" coveredconditionals="0" methods="1" coveredmethods="1"/>
        <line num="12" count="1" type="stmt"/>
        <line num="22" count="2" type="stmt"/>
      </file>
      <file name="ErrorView.tsx" path="/home/user/bumpa/src/components/ErrorView.tsx">
        <metrics statements="9" coveredstatements="9" conditionals="13" coveredconditionals="13" methods="3" coveredmethods="3"/>
        <line num="10" count="12" type="cond" truecount="5" falsecount="0"/>
        <line num="12" count="3" type="stmt"/>
        <line num="20" count="2" type="stmt"/>
        <line num="28" count="2" type="stmt"/>
        <line num="34" count="5" type="stmt"/>
        <line num="47" count="12" type="stmt"/>
        <line num="48" count="12" type="stmt"/>
        <line num="57" count="8" type="cond" truecount="2" falsecount="0"/>
        <line num="66" count="4" type="stmt"/>
      </file>
      <file name="PriceTag.tsx" path="/home/user/bumpa/src/components/PriceTag.tsx">
        <metrics statements="2" coveredstatements="2" conditionals="7" coveredconditionals="7" methods="1" coveredmethods="1"/>
        <line num="13" count="386" type="stmt"/>
        <line num="23" count="6" type="stmt"/>
      </file>
      <file name="QuantityStepper.tsx" path="/home/user/bumpa/src/components/QuantityStepper.tsx">
        <metrics statements="6" coveredstatements="6" conditionals="6" coveredconditionals="6" methods="5" coveredmethods="5"/>
        <line num="15" count="10" type="stmt"/>
        <line num="22" count="2" type="stmt"/>
        <line num="23" count="12" type="cond" truecount="2" falsecount="0"/>
        <line num="34" count="1" type="stmt"/>
        <line num="35" count="11" type="cond" truecount="2" falsecount="0"/>
        <line num="44" count="2" type="stmt"/>
      </file>
    </package>
    <package name="config">
      <metrics statements="6" coveredstatements="6" conditionals="2" coveredconditionals="2" methods="0" coveredmethods="0"/>
      <file name="env.ts" path="/home/user/bumpa/src/config/env.ts">
        <metrics statements="1" coveredstatements="1" conditionals="2" coveredconditionals="2" methods="0" coveredmethods="0"/>
        <line num="4" count="1" type="cond" truecount="2" falsecount="0"/>
      </file>
      <file name="featureFlags.ts" path="/home/user/bumpa/src/config/featureFlags.ts">
        <metrics statements="2" coveredstatements="2" conditionals="0" coveredconditionals="0" methods="0" coveredmethods="0"/>
        <line num="6" count="6" type="stmt"/>
        <line num="9" count="6" type="stmt"/>
      </file>
      <file name="tuning.ts" path="/home/user/bumpa/src/config/tuning.ts">
        <metrics statements="3" coveredstatements="3" conditionals="0" coveredconditionals="0" methods="0" coveredmethods="0"/>
        <line num="6" count="3" type="stmt"/>
        <line num="9" count="3" type="stmt"/>
        <line num="12" count="3" type="stmt"/>
      </file>
    </package>
    <package name="domain">
      <metrics statements="39" coveredstatements="39" conditionals="27" coveredconditionals="25" methods="14" coveredmethods="14"/>
      <file name="book.ts" path="/home/user/bumpa/src/domain/book.ts">
        <metrics statements="9" coveredstatements="9" conditionals="14" coveredconditionals="12" methods="5" coveredmethods="5"/>
        <line num="24" count="11" type="stmt"/>
        <line num="28" count="11" type="cond" truecount="2" falsecount="0"/>
        <line num="32" count="6" type="stmt"/>
        <line num="33" count="6" type="stmt"/>
        <line num="46" count="5" type="cond" truecount="2" falsecount="0"/>
        <line num="47" count="3" type="cond" truecount="2" falsecount="0"/>
        <line num="48" count="2" type="cond" truecount="1" falsecount="1"/>
        <line num="52" count="5" type="stmt"/>
        <line num="53" count="5" type="stmt"/>
      </file>
      <file name="money.ts" path="/home/user/bumpa/src/domain/money.ts">
        <metrics statements="17" coveredstatements="17" conditionals="13" coveredconditionals="13" methods="6" coveredmethods="6"/>
        <line num="6" count="1546" type="cond" truecount="4" falsecount="0"/>
        <line num="7" count="9" type="stmt"/>
        <line num="9" count="1537" type="stmt"/>
        <line num="14" count="496" type="stmt"/>
        <line num="15" count="495" type="cond" truecount="4" falsecount="0"/>
        <line num="16" count="1" type="stmt"/>
        <line num="18" count="494" type="stmt"/>
        <line num="22" count="253" type="stmt"/>
        <line num="34" count="12" type="stmt"/>
        <line num="35" count="11" type="cond" truecount="2" falsecount="0"/>
        <line num="36" count="1" type="stmt"/>
        <line num="40" count="10" type="stmt"/>
        <line num="49" count="778" type="stmt"/>
        <line num="50" count="777" type="stmt"/>
        <line num="51" count="777" type="stmt"/>
        <line num="52" count="777" type="stmt"/>
        <line num="53" count="777" type="cond" truecount="2" falsecount="0"/>
      </file>
      <file name="price.ts" path="/home/user/bumpa/src/domain/price.ts">
        <metrics statements="13" coveredstatements="13" conditionals="0" coveredconditionals="0" methods="3" coveredmethods="3"/>
        <line num="9" count="6" type="stmt"/>
        <line num="10" count="6" type="stmt"/>
        <line num="11" count="6" type="stmt"/>
        <line num="12" count="6" type="stmt"/>
        <line num="13" count="6" type="stmt"/>
        <line num="17" count="58" type="stmt"/>
        <line num="18" count="58" type="stmt"/>
        <line num="19" count="456" type="stmt"/>
        <line num="20" count="456" type="stmt"/>
        <line num="22" count="58" type="stmt"/>
        <line num="27" count="35" type="stmt"/>
        <line num="32" count="23" type="stmt"/>
        <line num="33" count="23" type="stmt"/>
      </file>
    </package>
    <package name="hooks">
      <metrics statements="62" coveredstatements="60" conditionals="39" coveredconditionals="31" methods="21" coveredmethods="21"/>
      <file name="useBookSearch.ts" path="/home/user/bumpa/src/hooks/useBookSearch.ts">
        <metrics statements="35" coveredstatements="33" conditionals="27" coveredconditionals="21" methods="11" coveredmethods="11"/>
        <line num="37" count="2" type="stmt"/>
        <line num="38" count="2" type="stmt"/>
        <line num="39" count="6" type="cond" truecount="2" falsecount="0"/>
        <line num="40" count="5" type="stmt"/>
        <line num="41" count="5" type="stmt"/>
        <line num="49" count="40" type="cond" truecount="5" falsecount="0"/>
        <line num="51" count="17" type="cond" truecount="2" falsecount="0"/>
        <line num="52" count="3" type="stmt"/>
        <line num="64" count="4" type="cond" truecount="4" falsecount="0"/>
        <line num="65" count="2" type="stmt"/>
        <line num="67" count="2" type="cond" truecount="1" falsecount="1"/>
        <line num="68" count="2" type="stmt"/>
        <line num="74" count="15" type="stmt"/>
        <line num="86" count="2" type="stmt"/>
        <line num="91" count="14" type="stmt"/>
        <line num="114" count="51" type="stmt"/>
        <line num="115" count="51" type="stmt"/>
        <line num="117" count="51" type="stmt"/>
        <line num="118" count="15" type="stmt"/>
        <line num="121" count="51" type="stmt"/>
        <line num="123" count="51" type="stmt"/>
        <line num="124" count="18" type="stmt"/>
        <line num="126" count="18" type="stmt"/>
        <line num="128" count="18" type="stmt"/>
        <line num="129" count="18" type="stmt"/>
        <line num="131" count="0" type="cond" truecount="0" falsecount="2"/>
        <line num="132" count="0" type="stmt"/>
        <line num="137" count="16" type="cond" truecount="2" falsecount="0"/>
        <line num="139" count="15" type="cond" truecount="2" falsecount="0"/>
        <line num="140" count="13" type="stmt"/>
        <line num="147" count="2" type="stmt"/>
        <line num="151" count="18" type="stmt"/>
        <line num="154" count="51" type="stmt"/>
        <line num="156" count="1" type="stmt"/>
        <line num="157" count="2" type="stmt"/>
      </file>
      <file name="useDebouncedValue.ts" path="/home/user/bumpa/src/hooks/useDebouncedValue.ts">
        <metrics statements="5" coveredstatements="5" conditionals="0" coveredconditionals="0" methods="4" coveredmethods="4"/>
        <line num="6" count="61" type="stmt"/>
        <line num="8" count="61" type="stmt"/>
        <line num="9" count="24" type="stmt"/>
        <line num="10" count="24" type="stmt"/>
        <line num="13" count="61" type="stmt"/>
      </file>
      <file name="useFetch.ts" path="/home/user/bumpa/src/hooks/useFetch.ts">
        <metrics statements="22" coveredstatements="22" conditionals="12" coveredconditionals="10" methods="6" coveredmethods="6"/>
        <line num="35" count="34" type="cond" truecount="4" falsecount="0"/>
        <line num="37" count="17" type="stmt"/>
        <line num="39" count="9" type="stmt"/>
        <line num="41" count="5" type="stmt"/>
        <line num="43" count="3" type="stmt"/>
        <line num="55" count="48" type="stmt"/>
        <line num="60" count="48" type="stmt"/>
        <line num="62" count="48" type="stmt"/>
        <line num="63" count="17" type="stmt"/>
        <line num="64" count="17" type="stmt"/>
        <line num="66" count="17" type="stmt"/>
        <line num="68" count="17" type="stmt"/>
        <line num="69" count="17" type="stmt"/>
        <line num="74" count="4" type="cond" truecount="2" falsecount="0"/>
        <line num="75" count="1" type="stmt"/>
        <line num="87" count="14" type="cond" truecount="1" falsecount="1"/>
        <line num="89" count="14" type="cond" truecount="2" falsecount="0"/>
        <line num="90" count="9" type="stmt"/>
        <line num="92" count="5" type="stmt"/>
        <line num="96" count="17" type="stmt"/>
        <line num="99" count="48" type="stmt"/>
        <line num="101" count="3" type="stmt"/>
      </file>
    </package>
    <package name="navigation">
      <metrics statements="5" coveredstatements="4" conditionals="2" coveredconditionals="0" methods="5" coveredmethods="4"/>
      <file name="RootNavigator.tsx" path="/home/user/bumpa/src/navigation/RootNavigator.tsx">
        <metrics statements="5" coveredstatements="4" conditionals="2" coveredconditionals="0" methods="5" coveredmethods="4"/>
        <line num="11" count="1" type="stmt"/>
        <line num="14" count="2" type="stmt"/>
        <line num="16" count="4" type="stmt"/>
        <line num="22" count="3" type="stmt"/>
        <line num="29" count="0" type="cond" truecount="0" falsecount="2"/>
      </file>
      <file name="types.ts" path="/home/user/bumpa/src/navigation/types.ts">
        <metrics statements="0" coveredstatements="0" conditionals="0" coveredconditionals="0" methods="0" coveredmethods="0"/>
      </file>
    </package>
    <package name="screens">
      <metrics statements="87" coveredstatements="83" conditionals="73" coveredconditionals="64" methods="38" coveredmethods="35"/>
      <file name="BookDetailsScreen.tsx" path="/home/user/bumpa/src/screens/BookDetailsScreen.tsx">
        <metrics statements="18" coveredstatements="18" conditionals="16" coveredconditionals="16" methods="6" coveredmethods="6"/>
        <line num="25" count="18" type="stmt"/>
        <line num="29" count="18" type="stmt"/>
        <line num="30" count="6" type="stmt"/>
        <line num="33" count="18" type="stmt"/>
        <line num="34" count="55" type="stmt"/>
        <line num="35" count="18" type="stmt"/>
        <line num="36" count="18" type="stmt"/>
        <line num="38" count="18" type="cond" truecount="4" falsecount="0"/>
        <line num="39" count="12" type="stmt"/>
        <line num="41" count="6" type="cond" truecount="2" falsecount="0"/>
        <line num="42" count="2" type="stmt"/>
        <line num="45" count="4" type="stmt"/>
        <line num="46" count="4" type="stmt"/>
        <line num="72" count="1" type="stmt"/>
        <line num="73" count="1" type="stmt"/>
        <line num="75" count="6" type="cond" truecount="2" falsecount="0"/>
        <line num="83" count="3" type="stmt"/>
        <line num="93" count="2" type="stmt"/>
      </file>
      <file name="CartScreen.tsx" path="/home/user/bumpa/src/screens/CartScreen.tsx">
        <metrics statements="18" coveredstatements="17" conditionals="8" coveredconditionals="6" methods="11" coveredmethods="10"/>
        <line num="14" count="43" type="stmt"/>
        <line num="15" count="43" type="stmt"/>
        <line num="16" count="43" type="stmt"/>
        <line num="17" count="43" type="stmt"/>
        <line num="21" count="13" type="cond" truecount="2" falsecount="0"/>
        <line num="22" count="1" type="stmt"/>
        <line num="25" count="12" type="cond" truecount="2" falsecount="0"/>
        <line num="26" count="3" type="stmt"/>
        <line num="34" count="9" type="stmt"/>
        <line num="36" count="9" type="stmt"/>
        <line num="37" count="10" type="stmt"/>
        <line num="52" count="3" type="stmt"/>
        <line num="60" count="1" type="stmt"/>
        <line num="70" count="9" type="stmt"/>
        <line num="74" count="17" type="stmt"/>
        <line num="86" count="0" type="stmt"/>
        <line num="87" count="9" type="cond" truecount="1" falsecount="1"/>
        <line num="96" count="2" type="stmt"/>
      </file>
      <file name="CheckoutScreen.tsx" path="/home/user/bumpa/src/screens/CheckoutScreen.tsx">
        <metrics statements="29" coveredstatements="27" conditionals="33" coveredconditionals="29" methods="13" coveredmethods="12"/>
        <line num="35" count="2" type="stmt"/>
        <line num="38" count="358" type="stmt"/>
        <line num="39" count="358" type="stmt"/>
        <line num="40" count="119" type="stmt"/>
        <line num="42" count="119" type="stmt"/>
        <line num="43" count="119" type="stmt"/>
        <line num="45" count="119" type="stmt"/>
        <line num="46" count="119" type="stmt"/>
        <line num="48" count="119" type="cond" truecount="1" falsecount="1"/>
        <line num="49" count="0" type="stmt"/>
        <line num="60" count="119" type="cond" truecount="2" falsecount="0"/>
        <line num="61" count="1" type="stmt"/>
        <line num="69" count="0" type="stmt"/>
        <line num="70" count="1" type="cond" truecount="1" falsecount="1"/>
        <line num="78" count="118" type="cond" truecount="2" falsecount="0"/>
        <line num="79" count="1" type="stmt"/>
        <line num="87" count="1" type="stmt"/>
        <line num="88" count="2" type="cond" truecount="2" falsecount="0"/>
        <line num="96" count="117" type="stmt"/>
        <line num="97" count="6" type="stmt"/>
        <line num="98" count="6" type="stmt"/>
        <line num="107" count="1" type="stmt"/>
        <line num="108" count="1" type="stmt"/>
        <line num="110" count="2" type="stmt"/>
        <line num="112" count="1" type="stmt"/>
        <line num="122" count="117" type="stmt"/>
        <line num="136" count="234" type="stmt"/>
        <line num="168" count="123" type="stmt"/>
        <line num="186" count="2" type="stmt"/>
      </file>
      <file name="HomeScreen.tsx" path="/home/user/bumpa/src/screens/HomeScreen.tsx">
        <metrics statements="22" coveredstatements="21" conditionals="16" coveredconditionals="13" methods="8" coveredmethods="7"/>
        <line num="27" count="23" type="stmt"/>
        <line num="29" count="23" type="stmt"/>
        <line num="32" count="66" type="stmt"/>
        <line num="33" count="23" type="stmt"/>
        <line num="35" count="23" type="stmt"/>
        <line num="36" count="1" type="stmt"/>
        <line num="43" count="23" type="stmt"/>
        <line num="45" count="2" type="stmt"/>
        <line num="46" count="2" type="stmt"/>
        <line num="51" count="23" type="stmt"/>
        <line num="52" count="23" type="cond" truecount="2" falsecount="0"/>
        <line num="53" count="15" type="stmt"/>
        <line num="55" count="8" type="cond" truecount="4" falsecount="0"/>
        <line num="56" count="1" type="stmt"/>
        <line num="58" count="7" type="cond" truecount="4" falsecount="0"/>
        <line num="59" count="1" type="stmt"/>
        <line num="61" count="6" type="stmt"/>
        <line num="64" count="12" type="stmt"/>
        <line num="66" count="6" type="stmt"/>
        <line num="68" count="0" type="stmt"/>
        <line num="99" count="23" type="stmt"/>
        <line num="116" count="2" type="stmt"/>
      </file>
    </package>
    <package name="store">
      <metrics statements="42" coveredstatements="42" conditionals="40" coveredconditionals="38" methods="26" coveredmethods="25"/>
      <file name="cartPersistence.ts" path="/home/user/bumpa/src/store/cartPersistence.ts">
        <metrics statements="24" coveredstatements="24" conditionals="32" coveredconditionals="30" methods="7" coveredmethods="6"/>
        <line num="6" count="2" type="stmt"/>
        <line num="14" count="7" type="cond" truecount="4" falsecount="0"/>
        <line num="15" count="6" type="stmt"/>
        <line num="16" count="6" type="stmt"/>
        <line num="27" count="7" type="cond" truecount="3" falsecount="1"/>
        <line num="28" count="7" type="stmt"/>
        <line num="29" count="7" type="cond" truecount="3" falsecount="0"/>
        <line num="33" count="17" type="cond" truecount="2" falsecount="0"/>
        <line num="34" count="10" type="stmt"/>
        <line num="35" count="10" type="stmt"/>
        <line num="36" count="8" type="cond" truecount="4" falsecount="0"/>
        <line num="37" count="3" type="stmt"/>
        <line num="39" count="2" type="stmt"/>
        <line num="49" count="10" type="stmt"/>
        <line num="50" count="10" type="stmt"/>
        <line num="51" count="10" type="stmt"/>
        <line num="53" count="1" type="stmt"/>
        <line num="55" count="10" type="cond" truecount="4" falsecount="0"/>
        <line num="56" count="2" type="stmt"/>
        <line num="58" count="10" type="stmt"/>
        <line num="67" count="6" type="stmt"/>
        <line num="68" count="10" type="cond" truecount="2" falsecount="0"/>
        <line num="69" count="9" type="cond" truecount="2" falsecount="0"/>
        <line num="70" count="4" type="stmt"/>
      </file>
      <file name="cartStore.ts" path="/home/user/bumpa/src/store/cartStore.ts">
        <metrics statements="18" coveredstatements="18" conditionals="8" coveredconditionals="8" methods="19" coveredmethods="19"/>
        <line num="27" count="8" type="stmt"/>
        <line num="32" count="45" type="stmt"/>
        <line num="33" count="45" type="stmt"/>
        <line num="34" count="45" type="cond" truecount="2" falsecount="0"/>
        <line num="35" count="12" type="stmt"/>
        <line num="37" count="13" type="cond" truecount="2" falsecount="0"/>
        <line num="41" count="33" type="stmt"/>
        <line num="45" count="3" type="stmt"/>
        <line num="48" count="11" type="stmt"/>
        <line num="49" count="11" type="cond" truecount="2" falsecount="0"/>
        <line num="50" count="2" type="stmt"/>
        <line num="52" count="9" type="stmt"/>
        <line num="54" count="11" type="cond" truecount="2" falsecount="0"/>
        <line num="59" count="2" type="stmt"/>
        <line num="61" count="2" type="stmt"/>
        <line num="62" count="10" type="stmt"/>
        <line num="68" count="97" type="stmt"/>
        <line num="72" count="248" type="stmt"/>
      </file>
    </package>
    <package name="theme">
      <metrics statements="4" coveredstatements="4" conditionals="0" coveredconditionals="0" methods="0" coveredmethods="0"/>
      <file name="theme.ts" path="/home/user/bumpa/src/theme/theme.ts">
        <metrics statements="4" coveredstatements="4" conditionals="0" coveredconditionals="0" methods="0" coveredmethods="0"/>
        <line num="3" count="9" type="stmt"/>
        <line num="18" count="9" type="stmt"/>
        <line num="26" count="9" type="stmt"/>
        <line num="33" count="9" type="stmt"/>
      </file>
    </package>
  </project>
</coverage>
