{"/home/user/bumpa/src/animation/FlyingCartOverlay.tsx": {"path":"/home/user/bumpa/src/animation/FlyingCartOverlay.tsx","statementMap":{"0":{"start":{"line":37,"column":19},"end":{"line":37,"column":36}},"1":{"start":{"line":38,"column":43},"end":{"line":38,"column":49}},"2":{"start":{"line":40,"column":2},"end":{"line":53,"column":29}},"3":{"start":{"line":41,"column":4},"end":{"line":50,"column":6}},"4":{"start":{"line":48,"column":8},"end":{"line":48,"column":28}},"5":{"start":{"line":55,"column":24},"end":{"line":72,"column":4}},"6":{"start":{"line":56,"column":14},"end":{"line":56,"column":28}},"7":{"start":{"line":58,"column":21},"end":{"line":58,"column":63}},"8":{"start":{"line":59,"column":20},"end":{"line":59,"column":54}},"9":{"start":{"line":60,"column":15},"end":{"line":60,"column":74}},"10":{"start":{"line":61,"column":15},"end":{"line":61,"column":76}},"11":{"start":{"line":63,"column":6},"end":{"line":63,"column":97}},"12":{"start":{"line":64,"column":4},"end":{"line":71,"column":6}},"13":{"start":{"line":74,"column":2},"end":{"line":94,"column":4}},"14":{"start":{"line":98,"column":15},"end":{"line":98,"column":42}},"15":{"start":{"line":99,"column":2},"end":{"line":99,"column":38}},"16":{"start":{"line":99,"column":26},"end":{"line":99,"column":38}},"17":{"start":{"line":100,"column":2},"end":{"line":131,"column":4}},"18":{"start":{"line":141,"column":38},"end":{"line":141,"column":59}},"19":{"start":{"line":142,"column":17},"end":{"line":142,"column":82}},"20":{"start":{"line":142,"column":45},"end":{"line":142,"column":63}},"21":{"start":{"line":144,"column":2},"end":{"line":151,"column":4}},"22":{"start":{"line":147,"column":8},"end":{"line":147,"column":65}},"23":{"start":{"line":154,"column":15},"end":{"line":162,"column":2}}},"fnMap":{"0":{"name":"Ghost","decl":{"start":{"line":36,"column":9},"end":{"line":36,"column":14}},"loc":{"start":{"line":36,"column":85},"end":{"line":95,"column":1}},"line":36},"1":{"name":"(anonymous_1)","decl":{"start":{"line":40,"column":12},"end":{"line":40,"column":13}},"loc":{"start":{"line":40,"column":18},"end":{"line":53,"column":3}},"line":40},"2":{"name":"(anonymous_2)","decl":{"start":{"line":44,"column":6},"end":{"line":44,"column":7}},"loc":{"start":{"line":44,"column":12},"end":{"line":49,"column":7}},"line":44},"3":{"name":"(anonymous_3)","decl":{"start":{"line":55,"column":41},"end":{"line":55,"column":42}},"loc":{"start":{"line":55,"column":47},"end":{"line":72,"column":3}},"line":55},"4":{"name":"DebugRects","decl":{"start":{"line":97,"column":9},"end":{"line":97,"column":19}},"loc":{"start":{"line":97,"column":56},"end":{"line":132,"column":1}},"line":97},"5":{"name":"FlyingCartOverlay","decl":{"start":{"line":140,"column":24},"end":{"line":140,"column":41}},"loc":{"start":{"line":140,"column":44},"end":{"line":152,"column":1}},"line":140},"6":{"name":"(anonymous_6)","decl":{"start":{"line":142,"column":29},"end":{"line":142,"column":30}},"loc":{"start":{"line":142,"column":45},"end":{"line":142,"column":63}},"line":142},"7":{"name":"(anonymous_7)","decl":{"start":{"line":146,"column":19},"end":{"line":146,"column":20}},"loc":{"start":{"line":147,"column":8},"end":{"line":147,"column":65}},"line":147}},"branchMap":{"0":{"loc":{"start":{"line":63,"column":6},"end":{"line":63,"column":97}},"type":"cond-expr","locations":[{"start":{"line":63,"column":29},"end":{"line":63,"column":30}},{"start":{"line":63,"column":33},"end":{"line":63,"column":97}}],"line":63},"1":{"loc":{"start":{"line":88,"column":7},"end":{"line":92,"column":7}},"type":"cond-expr","locations":[{"start":{"line":89,"column":8},"end":{"line":89,"column":89}},{"start":{"line":91,"column":8},"end":{"line":91,"column":66}}],"line":88},"2":{"loc":{"start":{"line":99,"column":2},"end":{"line":99,"column":38}},"type":"if","locations":[{"start":{"line":99,"column":2},"end":{"line":99,"column":38}},{"start":{},"end":{}}],"line":99},"3":{"loc":{"start":{"line":149,"column":7},"end":{"line":149,"column":70}},"type":"binary-expr","locations":[{"start":{"line":149,"column":7},"end":{"line":149,"column":14}},{"start":{"line":149,"column":18},"end":{"line":149,"column":34}},{"start":{"line":149,"column":38},"end":{"line":149,"column":70}}],"line":149}},"s":{"0":58,"1":58,"2":58,"3":13,"4":24,"5":58,"6":6640,"7":6640,"8":6640,"9":6640,"10":6640,"11":6640,"12":6640,"13":58,"14":0,"15":0,"16":0,"17":0,"18":27,"19":27,"20":13,"21":27,"22":58,"23":3},"f":{"0":58,"1":13,"2":24,"3":6640,"4":0,"5":27,"6":13,"7":58},"b":{"0":[5309,1331],"1":[0,58],"2":[0,0],"3":[27,27,0]},"_coverageSchema":"1a1c01bbd47fc00a2c39e90264f33305004495a9","hash":"70600ec1b0183a173e442683a1e807fd8e23e6de"}
,"/home/user/bumpa/src/animation/animation.constants.ts": {"path":"/home/user/bumpa/src/animation/animation.constants.ts","statementMap":{"0":{"start":{"line":6,"column":34},"end":{"line":6,"column":37}},"1":{"start":{"line":9,"column":31},"end":{"line":9,"column":34}},"2":{"start":{"line":16,"column":32},"end":{"line":16,"column":35}},"3":{"start":{"line":19,"column":31},"end":{"line":19,"column":34}},"4":{"start":{"line":20,"column":32},"end":{"line":20,"column":35}},"5":{"start":{"line":28,"column":37},"end":{"line":28,"column":38}},"6":{"start":{"line":29,"column":37},"end":{"line":29,"column":38}}},"fnMap":{},"branchMap":{},"s":{"0":3,"1":3,"2":3,"3":3,"4":3,"5":3,"6":3},"f":{},"b":{},"_coverageSchema":"1a1c01bbd47fc00a2c39e90264f33305004495a9","hash":"8340b301f9594d0b54c1eb4d33162617ee614a06"}
,"/home/user/bumpa/src/animation/flightController.tsx": {"path":"/home/user/bumpa/src/animation/flightController.tsx","statementMap":{"0":{"start":{"line":52,"column":47},"end":{"line":52,"column":73}},"1":{"start":{"line":55,"column":2},"end":{"line":71,"column":3}},"2":{"start":{"line":57,"column":6},"end":{"line":68,"column":8}},"3":{"start":{"line":70,"column":6},"end":{"line":70,"column":94}},"4":{"start":{"line":70,"column":67},"end":{"line":70,"column":90}},"5":{"start":{"line":77,"column":2},"end":{"line":77,"column":48}},"6":{"start":{"line":91,"column":22},"end":{"line":91,"column":68}},"7":{"start":{"line":100,"column":28},"end":{"line":100,"column":73}},"8":{"start":{"line":101,"column":42},"end":{"line":101,"column":57}},"9":{"start":{"line":102,"column":21},"end":{"line":102,"column":46}},"10":{"start":{"line":106,"column":2},"end":{"line":116,"column":9}},"11":{"start":{"line":107,"column":18},"end":{"line":107,"column":22}},"12":{"start":{"line":108,"column":4},"end":{"line":110,"column":7}},"13":{"start":{"line":109,"column":6},"end":{"line":109,"column":80}},"14":{"start":{"line":109,"column":53},"end":{"line":109,"column":80}},"15":{"start":{"line":111,"column":25},"end":{"line":111,"column":99}},"16":{"start":{"line":112,"column":4},"end":{"line":115,"column":6}},"17":{"start":{"line":113,"column":6},"end":{"line":113,"column":22}},"18":{"start":{"line":114,"column":6},"end":{"line":114,"column":28}},"19":{"start":{"line":118,"column":26},"end":{"line":118,"column":50}},"20":{"start":{"line":120,"column":22},"end":{"line":128,"column":3}},"21":{"start":{"line":123,"column":6},"end":{"line":123,"column":72}},"22":{"start":{"line":123,"column":59},"end":{"line":123,"column":72}},"23":{"start":{"line":124,"column":6},"end":{"line":124,"column":82}},"24":{"start":{"line":125,"column":6},"end":{"line":125,"column":18}},"25":{"start":{"line":130,"column":25},"end":{"line":130,"column":90}},"26":{"start":{"line":130,"column":53},"end":{"line":130,"column":85}},"27":{"start":{"line":131,"column":29},"end":{"line":133,"column":8}},"28":{"start":{"line":132,"column":4},"end":{"line":132,"column":30}},"29":{"start":{"line":135,"column":16},"end":{"line":144,"column":3}},"30":{"start":{"line":136,"column":11},"end":{"line":142,"column":5}},"31":{"start":{"line":146,"column":2},"end":{"line":146,"column":83}},"32":{"start":{"line":150,"column":18},"end":{"line":150,"column":43}},"33":{"start":{"line":151,"column":2},"end":{"line":153,"column":3}},"34":{"start":{"line":152,"column":4},"end":{"line":152,"column":80}},"35":{"start":{"line":154,"column":2},"end":{"line":154,"column":17}}},"fnMap":{"0":{"name":"flightReducer","decl":{"start":{"line":54,"column":16},"end":{"line":54,"column":29}},"loc":{"start":{"line":54,"column":85},"end":{"line":72,"column":1}},"line":54},"1":{"name":"(anonymous_1)","decl":{"start":{"line":70,"column":55},"end":{"line":70,"column":56}},"loc":{"start":{"line":70,"column":67},"end":{"line":70,"column":90}},"line":70},"2":{"name":"displayedCount","decl":{"start":{"line":76,"column":16},"end":{"line":76,"column":30}},"loc":{"start":{"line":76,"column":81},"end":{"line":78,"column":1}},"line":76},"3":{"name":"FlightProvider","decl":{"start":{"line":99,"column":16},"end":{"line":99,"column":30}},"loc":{"start":{"line":99,"column":91},"end":{"line":147,"column":1}},"line":99},"4":{"name":"(anonymous_4)","decl":{"start":{"line":106,"column":12},"end":{"line":106,"column":13}},"loc":{"start":{"line":106,"column":18},"end":{"line":116,"column":3}},"line":106},"5":{"name":"(anonymous_5)","decl":{"start":{"line":108,"column":51},"end":{"line":108,"column":52}},"loc":{"start":{"line":108,"column":66},"end":{"line":110,"column":5}},"line":108},"6":{"name":"(anonymous_6)","decl":{"start":{"line":112,"column":11},"end":{"line":112,"column":12}},"loc":{"start":{"line":112,"column":17},"end":{"line":115,"column":5}},"line":112},"7":{"name":"(anonymous_7)","decl":{"start":{"line":121,"column":4},"end":{"line":121,"column":5}},"loc":{"start":{"line":121,"column":56},"end":{"line":126,"column":5}},"line":121},"8":{"name":"(anonymous_8)","decl":{"start":{"line":130,"column":37},"end":{"line":130,"column":38}},"loc":{"start":{"line":130,"column":53},"end":{"line":130,"column":85}},"line":130},"9":{"name":"(anonymous_9)","decl":{"start":{"line":131,"column":41},"end":{"line":131,"column":42}},"loc":{"start":{"line":131,"column":57},"end":{"line":133,"column":3}},"line":131},"10":{"name":"(anonymous_10)","decl":{"start":{"line":136,"column":4},"end":{"line":136,"column":5}},"loc":{"start":{"line":136,"column":11},"end":{"line":142,"column":5}},"line":136},"11":{"name":"useFlightController","decl":{"start":{"line":149,"column":16},"end":{"line":149,"column":35}},"loc":{"start":{"line":149,"column":58},"end":{"line":155,"column":1}},"line":149}},"branchMap":{"0":{"loc":{"start":{"line":55,"column":2},"end":{"line":71,"column":3}},"type":"switch","locations":[{"start":{"line":56,"column":4},"end":{"line":68,"column":8}},{"start":{"line":69,"column":4},"end":{"line":70,"column":94}}],"line":55},"1":{"loc":{"start":{"line":99,"column":43},"end":{"line":99,"column":72}},"type":"default-arg","locations":[{"start":{"line":99,"column":53},"end":{"line":99,"column":72}}],"line":99},"2":{"loc":{"start":{"line":109,"column":6},"end":{"line":109,"column":80}},"type":"if","locations":[{"start":{"line":109,"column":6},"end":{"line":109,"column":80}},{"start":{},"end":{}}],"line":109},"3":{"loc":{"start":{"line":109,"column":10},"end":{"line":109,"column":51}},"type":"binary-expr","locations":[{"start":{"line":109,"column":10},"end":{"line":109,"column":17}},{"start":{"line":109,"column":21},"end":{"line":109,"column":51}}],"line":109},"4":{"loc":{"start":{"line":118,"column":26},"end":{"line":118,"column":50}},"type":"binary-expr","locations":[{"start":{"line":118,"column":26},"end":{"line":118,"column":33}},{"start":{"line":118,"column":37},"end":{"line":118,"column":50}}],"line":118},"5":{"loc":{"start":{"line":123,"column":6},"end":{"line":123,"column":72}},"type":"if","locations":[{"start":{"line":123,"column":6},"end":{"line":123,"column":72}},{"start":{},"end":{}}],"line":123},"6":{"loc":{"start":{"line":123,"column":10},"end":{"line":123,"column":57}},"type":"binary-expr","locations":[{"start":{"line":123,"column":10},"end":{"line":123,"column":26}},{"start":{"line":123,"column":30},"end":{"line":123,"column":57}}],"line":123},"7":{"loc":{"start":{"line":151,"column":2},"end":{"line":153,"column":3}},"type":"if","locations":[{"start":{"line":151,"column":2},"end":{"line":153,"column":3}},{"start":{},"end":{}}],"line":151}},"s":{"0":6,"1":43,"2":27,"3":16,"4":78,"5":31,"6":6,"7":37,"8":37,"9":37,"10":37,"11":21,"12":21,"13":21,"14":21,"15":21,"16":21,"17":21,"18":21,"19":37,"20":37,"21":15,"22":2,"23":13,"24":13,"25":37,"26":13,"27":37,"28":25,"29":37,"30":37,"31":37,"32":124,"33":124,"34":0,"35":124},"f":{"0":43,"1":78,"2":31,"3":37,"4":21,"5":21,"6":21,"7":15,"8":13,"9":25,"10":37,"11":124},"b":{"0":[27,16],"1":[12],"2":[21,0],"3":[21,21],"4":[37,36],"5":[2,13],"6":[15,13],"7":[0,124]},"_coverageSchema":"1a1c01bbd47fc00a2c39e90264f33305004495a9","hash":"a84cf869ac693c107e787fcde9607cb8c4fc306b"}
,"/home/user/bumpa/src/animation/useFlyToCart.ts": {"path":"/home/user/bumpa/src/animation/useFlyToCart.ts","statementMap":{"0":{"start":{"line":17,"column":43},"end":{"line":17,"column":64}},"1":{"start":{"line":19,"column":2},"end":{"line":33,"column":4}},"2":{"start":{"line":21,"column":6},"end":{"line":21,"column":35}},"3":{"start":{"line":21,"column":28},"end":{"line":21,"column":35}},"4":{"start":{"line":22,"column":19},"end":{"line":22,"column":35}},"5":{"start":{"line":23,"column":6},"end":{"line":23,"column":78}},"6":{"start":{"line":23,"column":71},"end":{"line":23,"column":78}},"7":{"start":{"line":24,"column":6},"end":{"line":30,"column":9}},"8":{"start":{"line":26,"column":8},"end":{"line":28,"column":9}},"9":{"start":{"line":26,"column":48},"end":{"line":26,"column":91}},"10":{"start":{"line":27,"column":10},"end":{"line":27,"column":17}},"11":{"start":{"line":29,"column":8},"end":{"line":29,"column":55}}},"fnMap":{"0":{"name":"useFlyToCart","decl":{"start":{"line":16,"column":16},"end":{"line":16,"column":28}},"loc":{"start":{"line":16,"column":31},"end":{"line":34,"column":1}},"line":16},"1":{"name":"(anonymous_1)","decl":{"start":{"line":20,"column":4},"end":{"line":20,"column":5}},"loc":{"start":{"line":20,"column":67},"end":{"line":31,"column":5}},"line":20},"2":{"name":"(anonymous_2)","decl":{"start":{"line":24,"column":27},"end":{"line":24,"column":28}},"loc":{"start":{"line":24,"column":52},"end":{"line":30,"column":7}},"line":24},"3":{"name":"(anonymous_3)","decl":{"start":{"line":26,"column":41},"end":{"line":26,"column":42}},"loc":{"start":{"line":26,"column":48},"end":{"line":26,"column":91}},"line":26}},"branchMap":{"0":{"loc":{"start":{"line":21,"column":6},"end":{"line":21,"column":35}},"type":"if","locations":[{"start":{"line":21,"column":6},"end":{"line":21,"column":35}},{"start":{},"end":{}}],"line":21},"1":{"loc":{"start":{"line":23,"column":6},"end":{"line":23,"column":78}},"type":"if","locations":[{"start":{"line":23,"column":6},"end":{"line":23,"column":78}},{"start":{},"end":{}}],"line":23},"2":{"loc":{"start":{"line":23,"column":10},"end":{"line":23,"column":69}},"type":"binary-expr","locations":[{"start":{"line":23,"column":10},"end":{"line":23,"column":23}},{"start":{"line":23,"column":27},"end":{"line":23,"column":69}}],"line":23},"3":{"loc":{"start":{"line":26,"column":8},"end":{"line":28,"column":9}},"type":"if","locations":[{"start":{"line":26,"column":8},"end":{"line":28,"column":9}},{"start":{},"end":{}}],"line":26},"4":{"loc":{"start":{"line":26,"column":48},"end":{"line":26,"column":91}},"type":"binary-expr","locations":[{"start":{"line":26,"column":48},"end":{"line":26,"column":69}},{"start":{"line":26,"column":73},"end":{"line":26,"column":91}}],"line":26}},"s":{"0":46,"1":46,"2":7,"3":0,"4":7,"5":7,"6":2,"7":5,"8":2,"9":5,"10":1,"11":1},"f":{"0":46,"1":7,"2":2,"3":5},"b":{"0":[0,7],"1":[2,5],"2":[7,6],"3":[1,1],"4":[5,5]},"_coverageSchema":"1a1c01bbd47fc00a2c39e90264f33305004495a9","hash":"9ecb6072d01f485e4c510c154a0e23511e830240"}
,"/home/user/bumpa/src/api/books.ts": {"path":"/home/user/bumpa/src/api/books.ts","statementMap":{"0":{"start":{"line":6,"column":37},"end":{"line":6,"column":62}},"1":{"start":{"line":7,"column":32},"end":{"line":7,"column":34}},"2":{"start":{"line":9,"column":22},"end":{"line":9,"column":72}},"3":{"start":{"line":10,"column":27},"end":{"line":10,"column":28}},"4":{"start":{"line":24,"column":17},"end":{"line":29,"column":4}},"5":{"start":{"line":30,"column":17},"end":{"line":34,"column":3}},"6":{"start":{"line":35,"column":2},"end":{"line":35,"column":32}},"7":{"start":{"line":35,"column":18},"end":{"line":35,"column":32}},"8":{"start":{"line":37,"column":29},"end":{"line":37,"column":40}},"9":{"start":{"line":38,"column":2},"end":{"line":43,"column":5}},"10":{"start":{"line":50,"column":18},"end":{"line":59,"column":3}},"11":{"start":{"line":52,"column":21},"end":{"line":56,"column":7}},"12":{"start":{"line":57,"column":6},"end":{"line":57,"column":89}},"13":{"start":{"line":60,"column":2},"end":{"line":60,"column":65}},"14":{"start":{"line":60,"column":50},"end":{"line":60,"column":63}},"15":{"start":{"line":73,"column":20},"end":{"line":74,"column":77}},"16":{"start":{"line":74,"column":4},"end":{"line":74,"column":77}},"17":{"start":{"line":76,"column":15},"end":{"line":76,"column":38}},"18":{"start":{"line":77,"column":2},"end":{"line":87,"column":3}},"19":{"start":{"line":78,"column":19},"end":{"line":78,"column":45}},"20":{"start":{"line":79,"column":21},"end":{"line":79,"column":53}},"21":{"start":{"line":80,"column":4},"end":{"line":82,"column":5}},"22":{"start":{"line":81,"column":6},"end":{"line":81,"column":93}},"23":{"start":{"line":83,"column":4},"end":{"line":83,"column":39}},"24":{"start":{"line":84,"column":4},"end":{"line":86,"column":5}},"25":{"start":{"line":85,"column":6},"end":{"line":85,"column":86}},"26":{"start":{"line":88,"column":2},"end":{"line":88,"column":32}},"27":{"start":{"line":88,"column":18},"end":{"line":88,"column":32}},"28":{"start":{"line":90,"column":21},"end":{"line":92,"column":60}},"29":{"start":{"line":91,"column":18},"end":{"line":91,"column":33}},"30":{"start":{"line":92,"column":36},"end":{"line":92,"column":59}},"31":{"start":{"line":93,"column":22},"end":{"line":93,"column":65}},"32":{"start":{"line":95,"column":2},"end":{"line":95,"column":59}}},"fnMap":{"0":{"name":"searchBooks","decl":{"start":{"line":19,"column":22},"end":{"line":19,"column":33}},"loc":{"start":{"line":23,"column":35},"end":{"line":44,"column":1}},"line":23},"1":{"name":"fetchAuthorNames","decl":{"start":{"line":46,"column":15},"end":{"line":46,"column":31}},"loc":{"start":{"line":49,"column":21},"end":{"line":61,"column":1}},"line":49},"2":{"name":"(anonymous_2)","decl":{"start":{"line":51,"column":48},"end":{"line":51,"column":49}},"loc":{"start":{"line":51,"column":63},"end":{"line":58,"column":5}},"line":51},"3":{"name":"(anonymous_3)","decl":{"start":{"line":60,"column":24},"end":{"line":60,"column":25}},"loc":{"start":{"line":60,"column":50},"end":{"line":60,"column":63}},"line":60},"4":{"name":"getBookById","decl":{"start":{"line":69,"column":22},"end":{"line":69,"column":33}},"loc":{"start":{"line":72,"column":32},"end":{"line":96,"column":1}},"line":72},"5":{"name":"(anonymous_5)","decl":{"start":{"line":73,"column":20},"end":{"line":73,"column":21}},"loc":{"start":{"line":74,"column":4},"end":{"line":74,"column":77}},"line":74},"6":{"name":"(anonymous_6)","decl":{"start":{"line":91,"column":9},"end":{"line":91,"column":10}},"loc":{"start":{"line":91,"column":18},"end":{"line":91,"column":33}},"line":91},"7":{"name":"(anonymous_7)","decl":{"start":{"line":92,"column":12},"end":{"line":92,"column":13}},"loc":{"start":{"line":92,"column":36},"end":{"line":92,"column":59}},"line":92}},"branchMap":{"0":{"loc":{"start":{"line":22,"column":2},"end":{"line":22,"column":30}},"type":"default-arg","locations":[{"start":{"line":22,"column":28},"end":{"line":22,"column":30}}],"line":22},"1":{"loc":{"start":{"line":35,"column":2},"end":{"line":35,"column":32}},"type":"if","locations":[{"start":{"line":35,"column":2},"end":{"line":35,"column":32}},{"start":{},"end":{}}],"line":35},"2":{"loc":{"start":{"line":57,"column":13},"end":{"line":57,"column":88}},"type":"cond-expr","locations":[{"start":{"line":57,"column":65},"end":{"line":57,"column":81}},{"start":{"line":57,"column":84},"end":{"line":57,"column":88}}],"line":57},"3":{"loc":{"start":{"line":57,"column":13},"end":{"line":57,"column":62}},"type":"binary-expr","locations":[{"start":{"line":57,"column":13},"end":{"line":57,"column":22}},{"start":{"line":57,"column":26},"end":{"line":57,"column":62}}],"line":57},"4":{"loc":{"start":{"line":71,"column":2},"end":{"line":71,"column":30}},"type":"default-arg","locations":[{"start":{"line":71,"column":28},"end":{"line":71,"column":30}}],"line":71},"5":{"loc":{"start":{"line":77,"column":2},"end":{"line":87,"column":3}},"type":"if","locations":[{"start":{"line":77,"column":2},"end":{"line":87,"column":3}},{"start":{},"end":{}}],"line":77},"6":{"loc":{"start":{"line":77,"column":6},"end":{"line":77,"column":42}},"type":"binary-expr","locations":[{"start":{"line":77,"column":6},"end":{"line":77,"column":15}},{"start":{"line":77,"column":19},"end":{"line":77,"column":42}}],"line":77},"7":{"loc":{"start":{"line":78,"column":19},"end":{"line":78,"column":45}},"type":"binary-expr","locations":[{"start":{"line":78,"column":19},"end":{"line":78,"column":39}},{"start":{"line":78,"column":43},"end":{"line":78,"column":45}}],"line":78},"8":{"loc":{"start":{"line":80,"column":4},"end":{"line":82,"column":5}},"type":"if","locations":[{"start":{"line":80,"column":4},"end":{"line":82,"column":5}},{"start":{},"end":{}}],"line":80},"9":{"loc":{"start":{"line":80,"column":8},"end":{"line":80,"column":46}},"type":"binary-expr","locations":[{"start":{"line":80,"column":8},"end":{"line":80,"column":23}},{"start":{"line":80,"column":27},"end":{"line":80,"column":46}}],"line":80},"10":{"loc":{"start":{"line":84,"column":4},"end":{"line":86,"column":5}},"type":"if","locations":[{"start":{"line":84,"column":4},"end":{"line":86,"column":5}},{"start":{},"end":{}}],"line":84},"11":{"loc":{"start":{"line":84,"column":8},"end":{"line":84,"column":44}},"type":"binary-expr","locations":[{"start":{"line":84,"column":8},"end":{"line":84,"column":17}},{"start":{"line":84,"column":21},"end":{"line":84,"column":44}}],"line":84},"12":{"loc":{"start":{"line":88,"column":2},"end":{"line":88,"column":32}},"type":"if","locations":[{"start":{"line":88,"column":2},"end":{"line":88,"column":32}},{"start":{},"end":{}}],"line":88},"13":{"loc":{"start":{"line":90,"column":22},"end":{"line":90,"column":47}},"type":"binary-expr","locations":[{"start":{"line":90,"column":22},"end":{"line":90,"column":41}},{"start":{"line":90,"column":45},"end":{"line":90,"column":47}}],"line":90}},"s":{"0":5,"1":5,"2":5,"3":5,"4":6,"5":6,"6":6,"7":2,"8":4,"9":4,"10":5,"11":2,"12":2,"13":5,"14":2,"15":8,"16":10,"17":8,"18":7,"19":2,"20":2,"21":2,"22":0,"23":2,"24":2,"25":1,"26":6,"27":1,"28":5,"29":2,"30":2,"31":5,"32":5},"f":{"0":6,"1":5,"2":2,"3":2,"4":8,"5":10,"6":2,"7":2},"b":{"0":[6],"1":[2,4],"2":[1,1],"3":[2,1],"4":[7],"5":[2,5],"6":[7,6],"7":[2,0],"8":[0,2],"9":[2,2],"10":[1,1],"11":[2,2],"12":[1,5],"13":[5,3]},"_coverageSchema":"1a1c01bbd47fc00a2c39e90264f33305004495a9","hash":"561384182aac3c6b081da3d134a653ee357274cb"}
,"/home/user/bumpa/src/api/client.ts": {"path":"/home/user/bumpa/src/api/client.ts","statementMap":{"0":{"start":{"line":3,"column":34},"end":{"line":3,"column":40}},"1":{"start":{"line":11,"column":2},"end":{"line":11,"column":35}},"2":{"start":{"line":11,"column":23},"end":{"line":11,"column":35}},"3":{"start":{"line":12,"column":18},"end":{"line":12,"column":32}},"4":{"start":{"line":13,"column":2},"end":{"line":13,"column":67}},"5":{"start":{"line":17,"column":2},"end":{"line":23,"column":3}},"6":{"start":{"line":18,"column":4},"end":{"line":22,"column":6}},"7":{"start":{"line":24,"column":2},"end":{"line":26,"column":3}},"8":{"start":{"line":25,"column":4},"end":{"line":25,"column":70}},"9":{"start":{"line":29,"column":2},"end":{"line":29,"column":85}},"10":{"start":{"line":46,"column":53},"end":{"line":46,"column":60}},"11":{"start":{"line":49,"column":21},"end":{"line":49,"column":42}},"12":{"start":{"line":50,"column":17},"end":{"line":50,"column":22}},"13":{"start":{"line":51,"column":24},"end":{"line":51,"column":48}},"14":{"start":{"line":51,"column":30},"end":{"line":51,"column":48}},"15":{"start":{"line":52,"column":2},"end":{"line":55,"column":3}},"16":{"start":{"line":53,"column":4},"end":{"line":53,"column":72}},"17":{"start":{"line":53,"column":24},"end":{"line":53,"column":72}},"18":{"start":{"line":54,"column":4},"end":{"line":54,"column":52}},"19":{"start":{"line":56,"column":16},"end":{"line":59,"column":15}},"20":{"start":{"line":57,"column":4},"end":{"line":57,"column":20}},"21":{"start":{"line":58,"column":4},"end":{"line":58,"column":23}},"22":{"start":{"line":61,"column":2},"end":{"line":100,"column":3}},"23":{"start":{"line":63,"column":4},"end":{"line":80,"column":5}},"24":{"start":{"line":64,"column":6},"end":{"line":67,"column":9}},"25":{"start":{"line":69,"column":6},"end":{"line":74,"column":7}},"26":{"start":{"line":70,"column":8},"end":{"line":72,"column":9}},"27":{"start":{"line":71,"column":10},"end":{"line":71,"column":103}},"28":{"start":{"line":73,"column":8},"end":{"line":73,"column":16}},"29":{"start":{"line":75,"column":6},"end":{"line":79,"column":9}},"30":{"start":{"line":82,"column":4},"end":{"line":84,"column":5}},"31":{"start":{"line":83,"column":6},"end":{"line":83,"column":86}},"32":{"start":{"line":87,"column":4},"end":{"line":91,"column":5}},"33":{"start":{"line":88,"column":6},"end":{"line":88,"column":38}},"34":{"start":{"line":90,"column":6},"end":{"line":90,"column":80}},"35":{"start":{"line":93,"column":4},"end":{"line":95,"column":5}},"36":{"start":{"line":94,"column":6},"end":{"line":94,"column":94}},"37":{"start":{"line":96,"column":4},"end":{"line":96,"column":23}},"38":{"start":{"line":98,"column":4},"end":{"line":98,"column":24}},"39":{"start":{"line":99,"column":4},"end":{"line":99,"column":81}},"40":{"start":{"line":99,"column":30},"end":{"line":99,"column":81}}},"fnMap":{"0":{"name":"parseRetryAfter","decl":{"start":{"line":10,"column":9},"end":{"line":10,"column":24}},"loc":{"start":{"line":10,"column":63},"end":{"line":14,"column":1}},"line":10},"1":{"name":"statusToError","decl":{"start":{"line":16,"column":9},"end":{"line":16,"column":22}},"loc":{"start":{"line":16,"column":76},"end":{"line":30,"column":1}},"line":16},"2":{"name":"fetchJson","decl":{"start":{"line":41,"column":22},"end":{"line":41,"column":31}},"loc":{"start":{"line":45,"column":22},"end":{"line":101,"column":1}},"line":45},"3":{"name":"(anonymous_3)","decl":{"start":{"line":51,"column":24},"end":{"line":51,"column":25}},"loc":{"start":{"line":51,"column":30},"end":{"line":51,"column":48}},"line":51},"4":{"name":"(anonymous_4)","decl":{"start":{"line":56,"column":27},"end":{"line":56,"column":28}},"loc":{"start":{"line":56,"column":33},"end":{"line":59,"column":3}},"line":56}},"branchMap":{"0":{"loc":{"start":{"line":11,"column":2},"end":{"line":11,"column":35}},"type":"if","locations":[{"start":{"line":11,"column":2},"end":{"line":11,"column":35}},{"start":{},"end":{}}],"line":11},"1":{"loc":{"start":{"line":13,"column":9},"end":{"line":13,"column":66}},"type":"cond-expr","locations":[{"start":{"line":13,"column":52},"end":{"line":13,"column":59}},{"start":{"line":13,"column":62},"end":{"line":13,"column":66}}],"line":13},"2":{"loc":{"start":{"line":13,"column":9},"end":{"line":13,"column":49}},"type":"binary-expr","locations":[{"start":{"line":13,"column":9},"end":{"line":13,"column":33}},{"start":{"line":13,"column":37},"end":{"line":13,"column":49}}],"line":13},"3":{"loc":{"start":{"line":17,"column":2},"end":{"line":23,"column":3}},"type":"if","locations":[{"start":{"line":17,"column":2},"end":{"line":23,"column":3}},{"start":{},"end":{}}],"line":17},"4":{"loc":{"start":{"line":24,"column":2},"end":{"line":26,"column":3}},"type":"if","locations":[{"start":{"line":24,"column":2},"end":{"line":26,"column":3}},{"start":{},"end":{}}],"line":24},"5":{"loc":{"start":{"line":44,"column":2},"end":{"line":44,"column":30}},"type":"default-arg","locations":[{"start":{"line":44,"column":28},"end":{"line":44,"column":30}}],"line":44},"6":{"loc":{"start":{"line":46,"column":18},"end":{"line":46,"column":48}},"type":"default-arg","locations":[{"start":{"line":46,"column":30},"end":{"line":46,"column":48}}],"line":46},"7":{"loc":{"start":{"line":52,"column":2},"end":{"line":55,"column":3}},"type":"if","locations":[{"start":{"line":52,"column":2},"end":{"line":55,"column":3}},{"start":{},"end":{}}],"line":52},"8":{"loc":{"start":{"line":53,"column":4},"end":{"line":53,"column":72}},"type":"if","locations":[{"start":{"line":53,"column":4},"end":{"line":53,"column":72}},{"start":{},"end":{}}],"line":53},"9":{"loc":{"start":{"line":69,"column":6},"end":{"line":74,"column":7}},"type":"if","locations":[{"start":{"line":69,"column":6},"end":{"line":74,"column":7}},{"start":{},"end":{}}],"line":69},"10":{"loc":{"start":{"line":70,"column":8},"end":{"line":72,"column":9}},"type":"if","locations":[{"start":{"line":70,"column":8},"end":{"line":72,"column":9}},{"start":{},"end":{}}],"line":70},"11":{"loc":{"start":{"line":78,"column":17},"end":{"line":78,"column":74}},"type":"cond-expr","locations":[{"start":{"line":78,"column":38},"end":{"line":78,"column":47}},{"start":{"line":78,"column":50},"end":{"line":78,"column":74}}],"line":78},"12":{"loc":{"start":{"line":82,"column":4},"end":{"line":84,"column":5}},"type":"if","locations":[{"start":{"line":82,"column":4},"end":{"line":84,"column":5}},{"start":{},"end":{}}],"line":82},"13":{"loc":{"start":{"line":93,"column":4},"end":{"line":95,"column":5}},"type":"if","locations":[{"start":{"line":93,"column":4},"end":{"line":95,"column":5}},{"start":{},"end":{}}],"line":93},"14":{"loc":{"start":{"line":99,"column":4},"end":{"line":99,"column":81}},"type":"if","locations":[{"start":{"line":99,"column":4},"end":{"line":99,"column":81}},{"start":{},"end":{}}],"line":99}},"s":{"0":6,"1":2,"2":1,"3":1,"4":1,"5":6,"6":2,"7":4,"8":2,"9":2,"10":30,"11":30,"12":30,"13":30,"14":2,"15":30,"16":3,"17":1,"18":2,"19":29,"20":2,"21":2,"22":29,"23":29,"24":29,"25":6,"26":4,"27":2,"28":2,"29":2,"30":23,"31":6,"32":17,"33":17,"34":1,"35":16,"36":2,"37":14,"38":29,"39":29,"40":2},"f":{"0":2,"1":6,"2":30,"3":2,"4":2},"b":{"0":[1,1],"1":[1,0],"2":[1,1],"3":[2,4],"4":[2,2],"5":[9],"6":[29],"7":[3,27],"8":[1,2],"9":[4,2],"10":[2,2],"11":[2,0],"12":[6,17],"13":[2,14],"14":[2,27]},"_coverageSchema":"1a1c01bbd47fc00a2c39e90264f33305004495a9","hash":"cac19f21f5fe26b5bdcc1ca74db4aeafac8919d5"}
,"/home/user/bumpa/src/api/errors.ts": {"path":"/home/user/bumpa/src/api/errors.ts","statementMap":{"0":{"start":{"line":18,"column":18},"end":{"line":18,"column":65}},"1":{"start":{"line":18,"column":46},"end":{"line":18,"column":64}},"2":{"start":{"line":19,"column":19},"end":{"line":19,"column":76}},"3":{"start":{"line":19,"column":55},"end":{"line":19,"column":75}},"4":{"start":{"line":22,"column":2},"end":{"line":22,"column":55}}},"fnMap":{"0":{"name":"(anonymous_0)","decl":{"start":{"line":18,"column":18},"end":{"line":18,"column":19}},"loc":{"start":{"line":18,"column":46},"end":{"line":18,"column":64}},"line":18},"1":{"name":"(anonymous_1)","decl":{"start":{"line":19,"column":19},"end":{"line":19,"column":20}},"loc":{"start":{"line":19,"column":55},"end":{"line":19,"column":75}},"line":19},"2":{"name":"isAbortError","decl":{"start":{"line":21,"column":16},"end":{"line":21,"column":28}},"loc":{"start":{"line":21,"column":50},"end":{"line":23,"column":1}},"line":21}},"branchMap":{"0":{"loc":{"start":{"line":22,"column":9},"end":{"line":22,"column":54}},"type":"binary-expr","locations":[{"start":{"line":22,"column":9},"end":{"line":22,"column":27}},{"start":{"line":22,"column":31},"end":{"line":22,"column":54}}],"line":22}},"s":{"0":7,"1":34,"2":7,"3":17,"4":10},"f":{"0":34,"1":17,"2":10},"b":{"0":[10,10]},"_coverageSchema":"1a1c01bbd47fc00a2c39e90264f33305004495a9","hash":"22d6e6c56e050ef1384100c8655a1347bcc0ad97"}
,"/home/user/bumpa/src/api/upstream.ts": {"path":"/home/user/bumpa/src/api/upstream.ts","statementMap":{"0":{"start":{"line":44,"column":2},"end":{"line":44,"column":45}},"1":{"start":{"line":48,"column":2},"end":{"line":53,"column":4}},"2":{"start":{"line":52,"column":24},"end":{"line":52,"column":95}},"3":{"start":{"line":57,"column":2},"end":{"line":57,"column":62}},"4":{"start":{"line":57,"column":49},"end":{"line":57,"column":62}},"5":{"start":{"line":60,"column":4},"end":{"line":60,"column":89}},"6":{"start":{"line":61,"column":2},"end":{"line":61,"column":55}},"7":{"start":{"line":65,"column":2},"end":{"line":65,"column":82}},"8":{"start":{"line":69,"column":2},"end":{"line":69,"column":45}}},"fnMap":{"0":{"name":"isRecord","decl":{"start":{"line":43,"column":9},"end":{"line":43,"column":17}},"loc":{"start":{"line":43,"column":60},"end":{"line":45,"column":1}},"line":43},"1":{"name":"isOLSearchResponse","decl":{"start":{"line":47,"column":16},"end":{"line":47,"column":34}},"loc":{"start":{"line":47,"column":70},"end":{"line":54,"column":1}},"line":47},"2":{"name":"(anonymous_2)","decl":{"start":{"line":52,"column":17},"end":{"line":52,"column":18}},"loc":{"start":{"line":52,"column":24},"end":{"line":52,"column":95}},"line":52},"3":{"name":"isOLWork","decl":{"start":{"line":56,"column":16},"end":{"line":56,"column":24}},"loc":{"start":{"line":56,"column":50},"end":{"line":62,"column":1}},"line":56},"4":{"name":"isRedirect","decl":{"start":{"line":64,"column":16},"end":{"line":64,"column":26}},"loc":{"start":{"line":64,"column":50},"end":{"line":66,"column":1}},"line":64},"5":{"name":"isOLAuthor","decl":{"start":{"line":68,"column":16},"end":{"line":68,"column":26}},"loc":{"start":{"line":68,"column":54},"end":{"line":70,"column":1}},"line":68}},"branchMap":{"0":{"loc":{"start":{"line":44,"column":9},"end":{"line":44,"column":44}},"type":"binary-expr","locations":[{"start":{"line":44,"column":9},"end":{"line":44,"column":30}},{"start":{"line":44,"column":34},"end":{"line":44,"column":44}}],"line":44},"1":{"loc":{"start":{"line":49,"column":4},"end":{"line":52,"column":96}},"type":"binary-expr","locations":[{"start":{"line":49,"column":4},"end":{"line":49,"column":15}},{"start":{"line":50,"column":4},"end":{"line":50,"column":34}},{"start":{"line":51,"column":4},"end":{"line":51,"column":25}},{"start":{"line":52,"column":4},"end":{"line":52,"column":96}}],"line":49},"2":{"loc":{"start":{"line":52,"column":24},"end":{"line":52,"column":95}},"type":"binary-expr","locations":[{"start":{"line":52,"column":24},"end":{"line":52,"column":35}},{"start":{"line":52,"column":39},"end":{"line":52,"column":64}},{"start":{"line":52,"column":68},"end":{"line":52,"column":95}}],"line":52},"3":{"loc":{"start":{"line":57,"column":2},"end":{"line":57,"column":62}},"type":"if","locations":[{"start":{"line":57,"column":2},"end":{"line":57,"column":62}},{"start":{},"end":{}}],"line":57},"4":{"loc":{"start":{"line":57,"column":6},"end":{"line":57,"column":47}},"type":"binary-expr","locations":[{"start":{"line":57,"column":6},"end":{"line":57,"column":18}},{"start":{"line":57,"column":22},"end":{"line":57,"column":47}}],"line":57},"5":{"loc":{"start":{"line":60,"column":4},"end":{"line":60,"column":89}},"type":"binary-expr","locations":[{"start":{"line":60,"column":4},"end":{"line":60,"column":20}},{"start":{"line":60,"column":24},"end":{"line":60,"column":55}},{"start":{"line":60,"column":59},"end":{"line":60,"column":89}}],"line":60},"6":{"loc":{"start":{"line":61,"column":9},"end":{"line":61,"column":54}},"type":"binary-expr","locations":[{"start":{"line":61,"column":9},"end":{"line":61,"column":23}},{"start":{"line":61,"column":27},"end":{"line":61,"column":54}}],"line":61},"7":{"loc":{"start":{"line":65,"column":9},"end":{"line":65,"column":81}},"type":"binary-expr","locations":[{"start":{"line":65,"column":9},"end":{"line":65,"column":44}},{"start":{"line":65,"column":48},"end":{"line":65,"column":81}}],"line":65},"8":{"loc":{"start":{"line":69,"column":9},"end":{"line":69,"column":44}},"type":"binary-expr","locations":[{"start":{"line":69,"column":9},"end":{"line":69,"column":30}},{"start":{"line":69,"column":34},"end":{"line":69,"column":44}}],"line":69}},"s":{"0":27,"1":5,"2":6,"3":8,"4":0,"5":8,"6":8,"7":8,"8":1},"f":{"0":27,"1":5,"2":6,"3":8,"4":8,"5":1},"b":{"0":[27,22],"1":[5,5,5,4],"2":[6,6,6],"3":[0,8],"4":[8,8],"5":[8,3,3],"6":[8,5],"7":[8,3],"8":[1,1]},"_coverageSchema":"1a1c01bbd47fc00a2c39e90264f33305004495a9","hash":"fbf9f8e416740b6180b95b3d196c6a2a5112a4d5"}
,"/home/user/bumpa/src/checkout/reference.ts": {"path":"/home/user/bumpa/src/checkout/reference.ts","statementMap":{"0":{"start":{"line":9,"column":17},"end":{"line":9,"column":56}},"1":{"start":{"line":10,"column":2},"end":{"line":10,"column":33}}},"fnMap":{"0":{"name":"makeTransactionReference","decl":{"start":{"line":8,"column":16},"end":{"line":8,"column":40}},"loc":{"start":{"line":8,"column":79},"end":{"line":11,"column":1}},"line":8}},"branchMap":{"0":{"loc":{"start":{"line":8,"column":41},"end":{"line":8,"column":69}},"type":"default-arg","locations":[{"start":{"line":8,"column":61},"end":{"line":8,"column":69}}],"line":8}},"s":{"0":107,"1":107},"f":{"0":107},"b":{"0":[6]},"_coverageSchema":"1a1c01bbd47fc00a2c39e90264f33305004495a9","hash":"6459a2427701471abba8b4f213a4dd4c5707ad37"}
,"/home/user/bumpa/src/components/BookCard.tsx": {"path":"/home/user/bumpa/src/components/BookCard.tsx","statementMap":{"0":{"start":{"line":8,"column":32},"end":{"line":8,"column":35}},"1":{"start":{"line":18,"column":19},"end":{"line":18,"column":37}},"2":{"start":{"line":20,"column":2},"end":{"line":60,"column":4}},"3":{"start":{"line":24,"column":21},"end":{"line":24,"column":34}},"4":{"start":{"line":25,"column":30},"end":{"line":25,"column":70}},"5":{"start":{"line":51,"column":27},"end":{"line":51,"column":54}},"6":{"start":{"line":52,"column":36},"end":{"line":52,"column":81}},"7":{"start":{"line":67,"column":15},"end":{"line":100,"column":2}}},"fnMap":{"0":{"name":"BookCard","decl":{"start":{"line":17,"column":9},"end":{"line":17,"column":17}},"loc":{"start":{"line":17,"column":57},"end":{"line":61,"column":1}},"line":17},"1":{"name":"(anonymous_1)","decl":{"start":{"line":24,"column":15},"end":{"line":24,"column":16}},"loc":{"start":{"line":24,"column":21},"end":{"line":24,"column":34}},"line":24},"2":{"name":"(anonymous_2)","decl":{"start":{"line":25,"column":13},"end":{"line":25,"column":14}},"loc":{"start":{"line":25,"column":30},"end":{"line":25,"column":70}},"line":25},"3":{"name":"(anonymous_3)","decl":{"start":{"line":51,"column":21},"end":{"line":51,"column":22}},"loc":{"start":{"line":51,"column":27},"end":{"line":51,"column":54}},"line":51},"4":{"name":"(anonymous_4)","decl":{"start":{"line":52,"column":19},"end":{"line":52,"column":20}},"loc":{"start":{"line":52,"column":36},"end":{"line":52,"column":81}},"line":52}},"branchMap":{"0":{"loc":{"start":{"line":25,"column":44},"end":{"line":25,"column":69}},"type":"binary-expr","locations":[{"start":{"line":25,"column":44},"end":{"line":25,"column":51}},{"start":{"line":25,"column":55},"end":{"line":25,"column":69}}],"line":25},"1":{"loc":{"start":{"line":28,"column":9},"end":{"line":36,"column":9}},"type":"cond-expr","locations":[{"start":{"line":29,"column":10},"end":{"line":29,"column":96}},{"start":{"line":31,"column":10},"end":{"line":35,"column":17}}],"line":28},"2":{"loc":{"start":{"line":43,"column":11},"end":{"line":43,"column":79}},"type":"cond-expr","locations":[{"start":{"line":43,"column":37},"end":{"line":43,"column":60}},{"start":{"line":43,"column":63},"end":{"line":43,"column":79}}],"line":43},"3":{"loc":{"start":{"line":52,"column":55},"end":{"line":52,"column":80}},"type":"binary-expr","locations":[{"start":{"line":52,"column":55},"end":{"line":52,"column":62}},{"start":{"line":52,"column":66},"end":{"line":52,"column":80}}],"line":52}},"s":{"0":2,"1":6,"2":6,"3":1,"4":8,"5":2,"6":10,"7":2},"f":{"0":6,"1":1,"2":8,"3":2,"4":10},"b":{"0":[8,1],"1":[0,6],"2":[6,0],"3":[10,2]},"_coverageSchema":"1a1c01bbd47fc00a2c39e90264f33305004495a9","hash":"466eff164c86263b690af1b2cc3c5a93d0a67626"}
,"/home/user/bumpa/src/components/CartBadge.tsx": {"path":"/home/user/bumpa/src/components/CartBadge.tsx","statementMap":{"0":{"start":{"line":25,"column":20},"end":{"line":25,"column":71}},"1":{"start":{"line":25,"column":44},"end":{"line":25,"column":70}},"2":{"start":{"line":26,"column":42},"end":{"line":26,"column":63}},"3":{"start":{"line":27,"column":16},"end":{"line":27,"column":57}},"4":{"start":{"line":29,"column":23},"end":{"line":29,"column":41}},"5":{"start":{"line":30,"column":16},"end":{"line":30,"column":33}},"6":{"start":{"line":31,"column":24},"end":{"line":31,"column":37}},"7":{"start":{"line":33,"column":2},"end":{"line":41,"column":21}},"8":{"start":{"line":34,"column":4},"end":{"line":39,"column":5}},"9":{"start":{"line":35,"column":6},"end":{"line":38,"column":8}},"10":{"start":{"line":40,"column":4},"end":{"line":40,"column":34}},"11":{"start":{"line":43,"column":2},"end":{"line":67,"column":4}},"12":{"start":{"line":55,"column":8},"end":{"line":57,"column":10}},"13":{"start":{"line":56,"column":10},"end":{"line":56,"column":53}},"14":{"start":{"line":70,"column":15},"end":{"line":85,"column":2}}},"fnMap":{"0":{"name":"CartBadge","decl":{"start":{"line":24,"column":24},"end":{"line":24,"column":33}},"loc":{"start":{"line":24,"column":54},"end":{"line":68,"column":1}},"line":24},"1":{"name":"(anonymous_1)","decl":{"start":{"line":25,"column":33},"end":{"line":25,"column":34}},"loc":{"start":{"line":25,"column":44},"end":{"line":25,"column":70}},"line":25},"2":{"name":"(anonymous_2)","decl":{"start":{"line":33,"column":12},"end":{"line":33,"column":13}},"loc":{"start":{"line":33,"column":18},"end":{"line":41,"column":3}},"line":33},"3":{"name":"(anonymous_3)","decl":{"start":{"line":51,"column":16},"end":{"line":51,"column":17}},"loc":{"start":{"line":51,"column":22},"end":{"line":58,"column":7}},"line":51},"4":{"name":"(anonymous_4)","decl":{"start":{"line":55,"column":46},"end":{"line":55,"column":47}},"loc":{"start":{"line":56,"column":10},"end":{"line":56,"column":53}},"line":56}},"branchMap":{"0":{"loc":{"start":{"line":34,"column":4},"end":{"line":39,"column":5}},"type":"if","locations":[{"start":{"line":34,"column":4},"end":{"line":39,"column":5}},{"start":{},"end":{}}],"line":34},"1":{"loc":{"start":{"line":47,"column":49},"end":{"line":47,"column":79}},"type":"cond-expr","locations":[{"start":{"line":47,"column":63},"end":{"line":47,"column":69}},{"start":{"line":47,"column":72},"end":{"line":47,"column":79}}],"line":47},"2":{"loc":{"start":{"line":61,"column":7},"end":{"line":65,"column":7}},"type":"binary-expr","locations":[{"start":{"line":61,"column":7},"end":{"line":61,"column":16}},{"start":{"line":62,"column":8},"end":{"line":64,"column":24}}],"line":61},"3":{"loc":{"start":{"line":63,"column":42},"end":{"line":63,"column":68}},"type":"cond-expr","locations":[{"start":{"line":63,"column":55},"end":{"line":63,"column":60}},{"start":{"line":63,"column":63},"end":{"line":63,"column":68}}],"line":63}},"s":{"0":26,"1":95,"2":26,"3":26,"4":26,"5":26,"6":26,"7":26,"8":12,"9":5,"10":12,"11":26,"12":0,"13":0,"14":2},"f":{"0":26,"1":95,"2":12,"3":0,"4":0},"b":{"0":[5,7],"1":[5,21],"2":[26,6],"3":[0,6]},"_coverageSchema":"1a1c01bbd47fc00a2c39e90264f33305004495a9","hash":"4e391a4734fcdf636dd37bf26f0ce0a4dca7584c"}
,"/home/user/bumpa/src/components/EmptyView.tsx": {"path":"/home/user/bumpa/src/components/EmptyView.tsx","statementMap":{"0":{"start":{"line":12,"column":2},"end":{"line":19,"column":4}},"1":{"start":{"line":22,"column":15},"end":{"line":26,"column":2}}},"fnMap":{"0":{"name":"EmptyView","decl":{"start":{"line":11,"column":24},"end":{"line":11,"column":33}},"loc":{"start":{"line":11,"column":52},"end":{"line":20,"column":1}},"line":11}},"branchMap":{},"s":{"0":1,"1":2},"f":{"0":1},"b":{},"_coverageSchema":"1a1c01bbd47fc00a2c39e90264f33305004495a9","hash":"225adfed8a868037dc0987dfe1e83332b91896f9"}
,"/home/user/bumpa/src/components/ErrorView.tsx": {"path":"/home/user/bumpa/src/components/ErrorView.tsx","statementMap":{"0":{"start":{"line":10,"column":2},"end":{"line":38,"column":3}},"1":{"start":{"line":12,"column":6},"end":{"line":18,"column":8}},"2":{"start":{"line":20,"column":6},"end":{"line":26,"column":8}},"3":{"start":{"line":28,"column":6},"end":{"line":31,"column":8}},"4":{"start":{"line":34,"column":6},"end":{"line":37,"column":8}},"5":{"start":{"line":47,"column":28},"end":{"line":47,"column":42}},"6":{"start":{"line":48,"column":2},"end":{"line":63,"column":4}},"7":{"start":{"line":57,"column":34},"end":{"line":57,"column":75}},"8":{"start":{"line":66,"column":15},"end":{"line":79,"column":2}}},"fnMap":{"0":{"name":"copyFor","decl":{"start":{"line":9,"column":9},"end":{"line":9,"column":16}},"loc":{"start":{"line":9,"column":69},"end":{"line":39,"column":1}},"line":9},"1":{"name":"ErrorView","decl":{"start":{"line":46,"column":24},"end":{"line":46,"column":33}},"loc":{"start":{"line":46,"column":61},"end":{"line":64,"column":1}},"line":46},"2":{"name":"(anonymous_2)","decl":{"start":{"line":57,"column":17},"end":{"line":57,"column":18}},"loc":{"start":{"line":57,"column":34},"end":{"line":57,"column":75}},"line":57}},"branchMap":{"0":{"loc":{"start":{"line":10,"column":2},"end":{"line":38,"column":3}},"type":"switch","locations":[{"start":{"line":11,"column":4},"end":{"line":18,"column":8}},{"start":{"line":19,"column":4},"end":{"line":26,"column":8}},{"start":{"line":27,"column":4},"end":{"line":31,"column":8}},{"start":{"line":32,"column":4},"end":{"line":32,"column":18}},{"start":{"line":33,"column":4},"end":{"line":37,"column":8}}],"line":10},"1":{"loc":{"start":{"line":15,"column":10},"end":{"line":17,"column":61}},"type":"cond-expr","locations":[{"start":{"line":16,"column":14},"end":{"line":16,"column":79}},{"start":{"line":17,"column":14},"end":{"line":17,"column":61}}],"line":15},"2":{"loc":{"start":{"line":23,"column":10},"end":{"line":25,"column":85}},"type":"cond-expr","locations":[{"start":{"line":24,"column":14},"end":{"line":24,"column":97}},{"start":{"line":25,"column":14},"end":{"line":25,"column":85}}],"line":23},"3":{"loc":{"start":{"line":52,"column":7},"end":{"line":61,"column":7}},"type":"binary-expr","locations":[{"start":{"line":52,"column":7},"end":{"line":52,"column":28}},{"start":{"line":53,"column":8},"end":{"line":60,"column":20}}],"line":52},"4":{"loc":{"start":{"line":57,"column":49},"end":{"line":57,"column":74}},"type":"binary-expr","locations":[{"start":{"line":57,"column":49},"end":{"line":57,"column":56}},{"start":{"line":57,"column":60},"end":{"line":57,"column":74}}],"line":57}},"s":{"0":12,"1":3,"2":2,"3":2,"4":5,"5":12,"6":12,"7":8,"8":4},"f":{"0":12,"1":12,"2":8},"b":{"0":[3,2,2,4,5],"1":[1,2],"2":[1,1],"3":[12,4],"4":[8,3]},"_coverageSchema":"1a1c01bbd47fc00a2c39e90264f33305004495a9","hash":"a9a806a4780fdadd7cc97ffb226c6afa606d4b03"}
,"/home/user/bumpa/src/components/PriceTag.tsx": {"path":"/home/user/bumpa/src/components/PriceTag.tsx","statementMap":{"0":{"start":{"line":13,"column":2},"end":{"line":20,"column":4}},"1":{"start":{"line":23,"column":15},"end":{"line":26,"column":2}}},"fnMap":{"0":{"name":"PriceTag","decl":{"start":{"line":12,"column":24},"end":{"line":12,"column":32}},"loc":{"start":{"line":12,"column":70},"end":{"line":21,"column":1}},"line":12}},"branchMap":{"0":{"loc":{"start":{"line":12,"column":46},"end":{"line":12,"column":59}},"type":"default-arg","locations":[{"start":{"line":12,"column":53},"end":{"line":12,"column":59}}],"line":12},"1":{"loc":{"start":{"line":15,"column":28},"end":{"line":15,"column":60}},"type":"binary-expr","locations":[{"start":{"line":15,"column":28},"end":{"line":15,"column":44}},{"start":{"line":15,"column":48},"end":{"line":15,"column":60}}],"line":15},"2":{"loc":{"start":{"line":16,"column":26},"end":{"line":16,"column":91}},"type":"cond-expr","locations":[{"start":{"line":16,"column":47},"end":{"line":16,"column":66}},{"start":{"line":16,"column":69},"end":{"line":16,"column":91}}],"line":16},"3":{"loc":{"start":{"line":18,"column":7},"end":{"line":18,"column":56}},"type":"cond-expr","locations":[{"start":{"line":18,"column":28},"end":{"line":18,"column":31}},{"start":{"line":18,"column":34},"end":{"line":18,"column":56}}],"line":18}},"s":{"0":386,"1":6},"f":{"0":386},"b":{"0":[256],"1":[386,130],"2":[1,385],"3":[1,385]},"_coverageSchema":"1a1c01bbd47fc00a2c39e90264f33305004495a9","hash":"e994fc9955eccdc9d1a2b09c4cb8f2be34a5e3f2"}
,"/home/user/bumpa/src/components/QuantityStepper.tsx": {"path":"/home/user/bumpa/src/components/QuantityStepper.tsx","statementMap":{"0":{"start":{"line":15,"column":2},"end":{"line":41,"column":4}},"1":{"start":{"line":22,"column":23},"end":{"line":22,"column":45}},"2":{"start":{"line":23,"column":32},"end":{"line":23,"column":74}},"3":{"start":{"line":34,"column":23},"end":{"line":34,"column":45}},"4":{"start":{"line":35,"column":32},"end":{"line":35,"column":74}},"5":{"start":{"line":44,"column":15},"end":{"line":57,"column":2}}},"fnMap":{"0":{"name":"QuantityStepper","decl":{"start":{"line":14,"column":24},"end":{"line":14,"column":39}},"loc":{"start":{"line":14,"column":82},"end":{"line":42,"column":1}},"line":14},"1":{"name":"(anonymous_1)","decl":{"start":{"line":22,"column":17},"end":{"line":22,"column":18}},"loc":{"start":{"line":22,"column":23},"end":{"line":22,"column":45}},"line":22},"2":{"name":"(anonymous_2)","decl":{"start":{"line":23,"column":15},"end":{"line":23,"column":16}},"loc":{"start":{"line":23,"column":32},"end":{"line":23,"column":74}},"line":23},"3":{"name":"(anonymous_3)","decl":{"start":{"line":34,"column":17},"end":{"line":34,"column":18}},"loc":{"start":{"line":34,"column":23},"end":{"line":34,"column":45}},"line":34},"4":{"name":"(anonymous_4)","decl":{"start":{"line":35,"column":15},"end":{"line":35,"column":16}},"loc":{"start":{"line":35,"column":32},"end":{"line":35,"column":74}},"line":35}},"branchMap":{"0":{"loc":{"start":{"line":20,"column":10},"end":{"line":20,"column":96}},"type":"cond-expr","locations":[{"start":{"line":20,"column":27},"end":{"line":20,"column":58}},{"start":{"line":20,"column":61},"end":{"line":20,"column":96}}],"line":20},"1":{"loc":{"start":{"line":23,"column":48},"end":{"line":23,"column":73}},"type":"binary-expr","locations":[{"start":{"line":23,"column":48},"end":{"line":23,"column":55}},{"start":{"line":23,"column":59},"end":{"line":23,"column":73}}],"line":23},"2":{"loc":{"start":{"line":35,"column":48},"end":{"line":35,"column":73}},"type":"binary-expr","locations":[{"start":{"line":35,"column":48},"end":{"line":35,"column":55}},{"start":{"line":35,"column":59},"end":{"line":35,"column":73}}],"line":35}},"s":{"0":10,"1":2,"2":12,"3":1,"4":11,"5":2},"f":{"0":10,"1":2,"2":12,"3":1,"4":11},"b":{"0":[4,6],"1":[12,2],"2":[11,1]},"_coverageSchema":"1a1c01bbd47fc00a2c39e90264f33305004495a9","hash":"a73612c1ce967323524b1ae8ef9577b4545a57f6"}
,"/home/user/bumpa/src/config/env.ts": {"path":"/home/user/bumpa/src/config/env.ts","statementMap":{"0":{"start":{"line":4,"column":35},"end":{"line":4,"column":77}}},"fnMap":{},"branchMap":{"0":{"loc":{"start":{"line":4,"column":35},"end":{"line":4,"column":77}},"type":"binary-expr","locations":[{"start":{"line":4,"column":35},"end":{"line":4,"column":71}},{"start":{"line":4,"column":75},"end":{"line":4,"column":77}}],"line":4}},"s":{"0":1},"f":{},"b":{"0":[1,1]},"_coverageSchema":"1a1c01bbd47fc00a2c39e90264f33305004495a9","hash":"fbbc373460eb4d99e6ea12da48c5de1205cb6a4d"}
,"/home/user/bumpa/src/config/featureFlags.ts": {"path":"/home/user/bumpa/src/config/featureFlags.ts","statementMap":{"0":{"start":{"line":6,"column":35},"end":{"line":6,"column":39}},"1":{"start":{"line":9,"column":32},"end":{"line":9,"column":37}}},"fnMap":{},"branchMap":{},"s":{"0":6,"1":6},"f":{},"b":{},"_coverageSchema":"1a1c01bbd47fc00a2c39e90264f33305004495a9","hash":"ae88c324d0557afbcccb3b64ceb1b8ef90045535"}
,"/home/user/bumpa/src/config/tuning.ts": {"path":"/home/user/bumpa/src/config/tuning.ts","statementMap":{"0":{"start":{"line":6,"column":34},"end":{"line":6,"column":37}},"1":{"start":{"line":9,"column":36},"end":{"line":9,"column":48}},"2":{"start":{"line":12,"column":42},"end":{"line":12,"column":43}}},"fnMap":{},"branchMap":{},"s":{"0":3,"1":3,"2":3},"f":{},"b":{},"_coverageSchema":"1a1c01bbd47fc00a2c39e90264f33305004495a9","hash":"9ce84dd15f2db3eb8801c69c389a2b53453ca65c"}
,"/home/user/bumpa/src/domain/book.ts": {"path":"/home/user/bumpa/src/domain/book.ts","statementMap":{"0":{"start":{"line":24,"column":2},"end":{"line":24,"column":39}},"1":{"start":{"line":28,"column":2},"end":{"line":28,"column":101}},"2":{"start":{"line":32,"column":13},"end":{"line":32,"column":35}},"3":{"start":{"line":33,"column":2},"end":{"line":41,"column":4}},"4":{"start":{"line":46,"column":2},"end":{"line":46,"column":45}},"5":{"start":{"line":46,"column":33},"end":{"line":46,"column":45}},"6":{"start":{"line":47,"column":2},"end":{"line":47,"column":58}},"7":{"start":{"line":47,"column":39},"end":{"line":47,"column":58}},"8":{"start":{"line":48,"column":2},"end":{"line":48,"column":74}},"9":{"start":{"line":52,"column":13},"end":{"line":52,"column":36}},"10":{"start":{"line":53,"column":2},"end":{"line":63,"column":4}}},"fnMap":{"0":{"name":"workIdFromKey","decl":{"start":{"line":23,"column":16},"end":{"line":23,"column":29}},"loc":{"start":{"line":23,"column":51},"end":{"line":25,"column":1}},"line":23},"1":{"name":"coverUrlFromId","decl":{"start":{"line":27,"column":16},"end":{"line":27,"column":30}},"loc":{"start":{"line":27,"column":92},"end":{"line":29,"column":1}},"line":27},"2":{"name":"bookFromSearchDoc","decl":{"start":{"line":31,"column":16},"end":{"line":31,"column":33}},"loc":{"start":{"line":31,"column":58},"end":{"line":42,"column":1}},"line":31},"3":{"name":"normaliseDescription","decl":{"start":{"line":45,"column":9},"end":{"line":45,"column":29}},"loc":{"start":{"line":45,"column":81},"end":{"line":49,"column":1}},"line":45},"4":{"name":"bookDetailsFromWork","decl":{"start":{"line":51,"column":16},"end":{"line":51,"column":35}},"loc":{"start":{"line":51,"column":86},"end":{"line":64,"column":1}},"line":51}},"branchMap":{"0":{"loc":{"start":{"line":28,"column":9},"end":{"line":28,"column":100}},"type":"cond-expr","locations":[{"start":{"line":28,"column":33},"end":{"line":28,"column":37}},{"start":{"line":28,"column":40},"end":{"line":28,"column":100}}],"line":28},"1":{"loc":{"start":{"line":36,"column":13},"end":{"line":36,"column":34}},"type":"binary-expr","locations":[{"start":{"line":36,"column":13},"end":{"line":36,"column":28}},{"start":{"line":36,"column":32},"end":{"line":36,"column":34}}],"line":36},"2":{"loc":{"start":{"line":38,"column":22},"end":{"line":38,"column":52}},"type":"binary-expr","locations":[{"start":{"line":38,"column":22},"end":{"line":38,"column":44}},{"start":{"line":38,"column":48},"end":{"line":38,"column":52}}],"line":38},"3":{"loc":{"start":{"line":46,"column":2},"end":{"line":46,"column":45}},"type":"if","locations":[{"start":{"line":46,"column":2},"end":{"line":46,"column":45}},{"start":{},"end":{}}],"line":46},"4":{"loc":{"start":{"line":47,"column":2},"end":{"line":47,"column":58}},"type":"if","locations":[{"start":{"line":47,"column":2},"end":{"line":47,"column":58}},{"start":{},"end":{}}],"line":47},"5":{"loc":{"start":{"line":48,"column":9},"end":{"line":48,"column":73}},"type":"cond-expr","locations":[{"start":{"line":48,"column":49},"end":{"line":48,"column":66}},{"start":{"line":48,"column":69},"end":{"line":48,"column":73}}],"line":48},"6":{"loc":{"start":{"line":62,"column":14},"end":{"line":62,"column":33}},"type":"binary-expr","locations":[{"start":{"line":62,"column":14},"end":{"line":62,"column":27}},{"start":{"line":62,"column":31},"end":{"line":62,"column":33}}],"line":62}},"s":{"0":11,"1":11,"2":6,"3":6,"4":5,"5":2,"6":3,"7":1,"8":2,"9":5,"10":5},"f":{"0":11,"1":11,"2":6,"3":5,"4":5},"b":{"0":[6,5],"1":[6,3],"2":[6,0],"3":[2,3],"4":[1,2],"5":[2,0],"6":[5,3]},"_coverageSchema":"1a1c01bbd47fc00a2c39e90264f33305004495a9","hash":"b16bca11feee4a4bae6009646b298f8a75bb9a55"}
,"/home/user/bumpa/src/domain/money.ts": {"path":"/home/user/bumpa/src/domain/money.ts","statementMap":{"0":{"start":{"line":6,"column":2},"end":{"line":8,"column":3}},"1":{"start":{"line":7,"column":4},"end":{"line":7,"column":96}},"2":{"start":{"line":9,"column":2},"end":{"line":9,"column":15}},"3":{"start":{"line":14,"column":2},"end":{"line":14,"column":37}},"4":{"start":{"line":15,"column":2},"end":{"line":17,"column":3}},"5":{"start":{"line":16,"column":4},"end":{"line":16,"column":84}},"6":{"start":{"line":18,"column":2},"end":{"line":18,"column":30}},"7":{"start":{"line":22,"column":2},"end":{"line":22,"column":72}},"8":{"start":{"line":22,"column":46},"end":{"line":22,"column":67}},"9":{"start":{"line":34,"column":2},"end":{"line":34,"column":27}},"10":{"start":{"line":35,"column":2},"end":{"line":39,"column":3}},"11":{"start":{"line":36,"column":4},"end":{"line":38,"column":6}},"12":{"start":{"line":40,"column":2},"end":{"line":40,"column":20}},"13":{"start":{"line":49,"column":2},"end":{"line":49,"column":27}},"14":{"start":{"line":50,"column":16},"end":{"line":50,"column":38}},"15":{"start":{"line":51,"column":20},"end":{"line":51,"column":30}},"16":{"start":{"line":52,"column":18},"end":{"line":52,"column":69}},"17":{"start":{"line":53,"column":2},"end":{"line":53,"column":95}}},"fnMap":{"0":{"name":"assertKobo","decl":{"start":{"line":5,"column":16},"end":{"line":5,"column":26}},"loc":{"start":{"line":5,"column":68},"end":{"line":10,"column":1}},"line":5},"1":{"name":"lineTotalKobo","decl":{"start":{"line":13,"column":16},"end":{"line":13,"column":29}},"loc":{"start":{"line":13,"column":75},"end":{"line":19,"column":1}},"line":13},"2":{"name":"sumKobo","decl":{"start":{"line":21,"column":16},"end":{"line":21,"column":23}},"loc":{"start":{"line":21,"column":60},"end":{"line":23,"column":1}},"line":21},"3":{"name":"(anonymous_3)","decl":{"start":{"line":22,"column":32},"end":{"line":22,"column":33}},"loc":{"start":{"line":22,"column":46},"end":{"line":22,"column":67}},"line":22},"4":{"name":"koboToWholeNairaForPaystack","decl":{"start":{"line":33,"column":16},"end":{"line":33,"column":43}},"loc":{"start":{"line":33,"column":66},"end":{"line":41,"column":1}},"line":33},"5":{"name":"formatNaira","decl":{"start":{"line":48,"column":16},"end":{"line":48,"column":27}},"loc":{"start":{"line":48,"column":50},"end":{"line":54,"column":1}},"line":48}},"branchMap":{"0":{"loc":{"start":{"line":5,"column":42},"end":{"line":5,"column":58}},"type":"default-arg","locations":[{"start":{"line":5,"column":50},"end":{"line":5,"column":58}}],"line":5},"1":{"loc":{"start":{"line":6,"column":2},"end":{"line":8,"column":3}},"type":"if","locations":[{"start":{"line":6,"column":2},"end":{"line":8,"column":3}},{"start":{},"end":{}}],"line":6},"2":{"loc":{"start":{"line":6,"column":6},"end":{"line":6,"column":47}},"type":"binary-expr","locations":[{"start":{"line":6,"column":6},"end":{"line":6,"column":34}},{"start":{"line":6,"column":38},"end":{"line":6,"column":47}}],"line":6},"3":{"loc":{"start":{"line":15,"column":2},"end":{"line":17,"column":3}},"type":"if","locations":[{"start":{"line":15,"column":2},"end":{"line":17,"column":3}},{"start":{},"end":{}}],"line":15},"4":{"loc":{"start":{"line":15,"column":6},"end":{"line":15,"column":53}},"type":"binary-expr","locations":[{"start":{"line":15,"column":6},"end":{"line":15,"column":37}},{"start":{"line":15,"column":41},"end":{"line":15,"column":53}}],"line":15},"5":{"loc":{"start":{"line":35,"column":2},"end":{"line":39,"column":3}},"type":"if","locations":[{"start":{"line":35,"column":2},"end":{"line":39,"column":3}},{"start":{},"end":{}}],"line":35},"6":{"loc":{"start":{"line":53,"column":9},"end":{"line":53,"column":94}},"type":"cond-expr","locations":[{"start":{"line":53,"column":27},"end":{"line":53,"column":40}},{"start":{"line":53,"column":43},"end":{"line":53,"column":94}}],"line":53}},"s":{"0":1546,"1":9,"2":1537,"3":496,"4":495,"5":1,"6":494,"7":133,"8":253,"9":12,"10":11,"11":1,"12":10,"13":778,"14":777,"15":777,"16":777,"17":777},"f":{"0":1546,"1":496,"2":133,"3":253,"4":12,"5":778},"b":{"0":[260],"1":[9,1537],"2":[1546,1538],"3":[1,494],"4":[495,494],"5":[1,10],"6":[773,4]},"_coverageSchema":"1a1c01bbd47fc00a2c39e90264f33305004495a9","hash":"a784e27bfec143ab9d24c7c660aab80a9273ed39"}
,"/home/user/bumpa/src/domain/price.ts": {"path":"/home/user/bumpa/src/domain/price.ts","statementMap":{"0":{"start":{"line":9,"column":30},"end":{"line":9,"column":37}},"1":{"start":{"line":10,"column":31},"end":{"line":10,"column":37}},"2":{"start":{"line":11,"column":27},"end":{"line":11,"column":29}},"3":{"start":{"line":12,"column":26},"end":{"line":12,"column":29}},"4":{"start":{"line":13,"column":28},"end":{"line":13,"column":30}},"5":{"start":{"line":17,"column":13},"end":{"line":17,"column":23}},"6":{"start":{"line":18,"column":2},"end":{"line":21,"column":3}},"7":{"start":{"line":18,"column":15},"end":{"line":18,"column":16}},"8":{"start":{"line":19,"column":4},"end":{"line":19,"column":32}},"9":{"start":{"line":20,"column":4},"end":{"line":20,"column":39}},"10":{"start":{"line":22,"column":2},"end":{"line":22,"column":20}},"11":{"start":{"line":27,"column":2},"end":{"line":27,"column":74}},"12":{"start":{"line":32,"column":15},"end":{"line":32,"column":34}},"13":{"start":{"line":33,"column":2},"end":{"line":33,"column":73}}},"fnMap":{"0":{"name":"fnv1a","decl":{"start":{"line":16,"column":9},"end":{"line":16,"column":14}},"loc":{"start":{"line":16,"column":38},"end":{"line":23,"column":1}},"line":16},"1":{"name":"priceKoboForBook","decl":{"start":{"line":26,"column":16},"end":{"line":26,"column":32}},"loc":{"start":{"line":26,"column":57},"end":{"line":28,"column":1}},"line":26},"2":{"name":"ratingForBook","decl":{"start":{"line":31,"column":16},"end":{"line":31,"column":29}},"loc":{"start":{"line":31,"column":54},"end":{"line":34,"column":1}},"line":31}},"branchMap":{},"s":{"0":6,"1":6,"2":6,"3":6,"4":6,"5":58,"6":58,"7":58,"8":456,"9":456,"10":58,"11":35,"12":23,"13":23},"f":{"0":58,"1":35,"2":23},"b":{},"_coverageSchema":"1a1c01bbd47fc00a2c39e90264f33305004495a9","hash":"98e5b48dde4c3ae46656199f98b961a26759b8f2"}
,"/home/user/bumpa/src/hooks/useBookSearch.ts": {"path":"/home/user/bumpa/src/hooks/useBookSearch.ts","statementMap":{"0":{"start":{"line":37,"column":15},"end":{"line":37,"column":32}},"1":{"start":{"line":38,"column":2},"end":{"line":42,"column":5}},"2":{"start":{"line":39,"column":4},"end":{"line":39,"column":40}},"3":{"start":{"line":39,"column":27},"end":{"line":39,"column":40}},"4":{"start":{"line":40,"column":4},"end":{"line":40,"column":22}},"5":{"start":{"line":41,"column":4},"end":{"line":41,"column":16}},"6":{"start":{"line":49,"column":2},"end":{"line":87,"column":3}},"7":{"start":{"line":51,"column":6},"end":{"line":51,"column":53}},"8":{"start":{"line":51,"column":40},"end":{"line":51,"column":53}},"9":{"start":{"line":52,"column":6},"end":{"line":60,"column":8}},"10":{"start":{"line":64,"column":6},"end":{"line":64,"column":69}},"11":{"start":{"line":64,"column":56},"end":{"line":64,"column":69}},"12":{"start":{"line":65,"column":6},"end":{"line":65,"column":72}},"13":{"start":{"line":67,"column":6},"end":{"line":67,"column":49}},"14":{"start":{"line":67,"column":36},"end":{"line":67,"column":49}},"15":{"start":{"line":68,"column":6},"end":{"line":72,"column":8}},"16":{"start":{"line":74,"column":6},"end":{"line":84,"column":8}},"17":{"start":{"line":86,"column":6},"end":{"line":86,"column":64}},"18":{"start":{"line":91,"column":2},"end":{"line":99,"column":4}},"19":{"start":{"line":114,"column":25},"end":{"line":114,"column":72}},"20":{"start":{"line":115,"column":28},"end":{"line":115,"column":93}},"21":{"start":{"line":117,"column":2},"end":{"line":119,"column":23}},"22":{"start":{"line":118,"column":4},"end":{"line":118,"column":63}},"23":{"start":{"line":121,"column":35},"end":{"line":121,"column":40}},"24":{"start":{"line":123,"column":2},"end":{"line":152,"column":29}},"25":{"start":{"line":124,"column":23},"end":{"line":124,"column":44}},"26":{"start":{"line":126,"column":4},"end":{"line":149,"column":9}},"27":{"start":{"line":128,"column":6},"end":{"line":136,"column":7}},"28":{"start":{"line":129,"column":8},"end":{"line":129,"column":80}},"29":{"start":{"line":131,"column":8},"end":{"line":131,"column":36}},"30":{"start":{"line":131,"column":29},"end":{"line":131,"column":36}},"31":{"start":{"line":132,"column":8},"end":{"line":135,"column":10}},"32":{"start":{"line":137,"column":6},"end":{"line":137,"column":44}},"33":{"start":{"line":137,"column":37},"end":{"line":137,"column":44}},"34":{"start":{"line":139,"column":6},"end":{"line":148,"column":7}},"35":{"start":{"line":140,"column":8},"end":{"line":145,"column":11}},"36":{"start":{"line":147,"column":8},"end":{"line":147,"column":64}},"37":{"start":{"line":151,"column":4},"end":{"line":151,"column":36}},"38":{"start":{"line":151,"column":17},"end":{"line":151,"column":35}},"39":{"start":{"line":154,"column":2},"end":{"line":158,"column":4}},"40":{"start":{"line":156,"column":20},"end":{"line":156,"column":51}},"41":{"start":{"line":157,"column":17},"end":{"line":157,"column":44}}},"fnMap":{"0":{"name":"dedupeById","decl":{"start":{"line":36,"column":9},"end":{"line":36,"column":19}},"loc":{"start":{"line":36,"column":43},"end":{"line":43,"column":1}},"line":36},"1":{"name":"(anonymous_1)","decl":{"start":{"line":38,"column":22},"end":{"line":38,"column":23}},"loc":{"start":{"line":38,"column":32},"end":{"line":42,"column":3}},"line":38},"2":{"name":"bookSearchReducer","decl":{"start":{"line":45,"column":16},"end":{"line":45,"column":33}},"loc":{"start":{"line":48,"column":19},"end":{"line":88,"column":1}},"line":48},"3":{"name":"initialSearchState","decl":{"start":{"line":90,"column":16},"end":{"line":90,"column":34}},"loc":{"start":{"line":90,"column":67},"end":{"line":100,"column":1}},"line":90},"4":{"name":"useBookSearch","decl":{"start":{"line":113,"column":16},"end":{"line":113,"column":29}},"loc":{"start":{"line":113,"column":69},"end":{"line":159,"column":1}},"line":113},"5":{"name":"(anonymous_5)","decl":{"start":{"line":117,"column":12},"end":{"line":117,"column":13}},"loc":{"start":{"line":117,"column":18},"end":{"line":119,"column":3}},"line":117},"6":{"name":"(anonymous_6)","decl":{"start":{"line":123,"column":12},"end":{"line":123,"column":13}},"loc":{"start":{"line":123,"column":18},"end":{"line":152,"column":3}},"line":123},"7":{"name":"(anonymous_7)","decl":{"start":{"line":126,"column":5},"end":{"line":126,"column":6}},"loc":{"start":{"line":126,"column":17},"end":{"line":149,"column":5}},"line":126},"8":{"name":"(anonymous_8)","decl":{"start":{"line":151,"column":11},"end":{"line":151,"column":12}},"loc":{"start":{"line":151,"column":17},"end":{"line":151,"column":35}},"line":151},"9":{"name":"(anonymous_9)","decl":{"start":{"line":156,"column":14},"end":{"line":156,"column":15}},"loc":{"start":{"line":156,"column":20},"end":{"line":156,"column":51}},"line":156},"10":{"name":"(anonymous_10)","decl":{"start":{"line":157,"column":11},"end":{"line":157,"column":12}},"loc":{"start":{"line":157,"column":17},"end":{"line":157,"column":44}},"line":157}},"branchMap":{"0":{"loc":{"start":{"line":39,"column":4},"end":{"line":39,"column":40}},"type":"if","locations":[{"start":{"line":39,"column":4},"end":{"line":39,"column":40}},{"start":{},"end":{}}],"line":39},"1":{"loc":{"start":{"line":49,"column":2},"end":{"line":87,"column":3}},"type":"switch","locations":[{"start":{"line":50,"column":4},"end":{"line":60,"column":8}},{"start":{"line":61,"column":4},"end":{"line":65,"column":72}},{"start":{"line":66,"column":4},"end":{"line":72,"column":8}},{"start":{"line":73,"column":4},"end":{"line":84,"column":8}},{"start":{"line":85,"column":4},"end":{"line":86,"column":64}}],"line":49},"2":{"loc":{"start":{"line":51,"column":6},"end":{"line":51,"column":53}},"type":"if","locations":[{"start":{"line":51,"column":6},"end":{"line":51,"column":53}},{"start":{},"end":{}}],"line":51},"3":{"loc":{"start":{"line":64,"column":6},"end":{"line":64,"column":69}},"type":"if","locations":[{"start":{"line":64,"column":6},"end":{"line":64,"column":69}},{"start":{},"end":{}}],"line":64},"4":{"loc":{"start":{"line":64,"column":10},"end":{"line":64,"column":54}},"type":"binary-expr","locations":[{"start":{"line":64,"column":10},"end":{"line":64,"column":36}},{"start":{"line":64,"column":40},"end":{"line":64,"column":54}}],"line":64},"5":{"loc":{"start":{"line":67,"column":6},"end":{"line":67,"column":49}},"type":"if","locations":[{"start":{"line":67,"column":6},"end":{"line":67,"column":49}},{"start":{},"end":{}}],"line":67},"6":{"loc":{"start":{"line":71,"column":16},"end":{"line":71,"column":59}},"type":"cond-expr","locations":[{"start":{"line":71,"column":33},"end":{"line":71,"column":47}},{"start":{"line":71,"column":50},"end":{"line":71,"column":59}}],"line":71},"7":{"loc":{"start":{"line":80,"column":10},"end":{"line":80,"column":89}},"type":"cond-expr","locations":[{"start":{"line":80,"column":29},"end":{"line":80,"column":41}},{"start":{"line":80,"column":44},"end":{"line":80,"column":89}}],"line":80},"8":{"loc":{"start":{"line":131,"column":8},"end":{"line":131,"column":36}},"type":"if","locations":[{"start":{"line":131,"column":8},"end":{"line":131,"column":36}},{"start":{},"end":{}}],"line":131},"9":{"loc":{"start":{"line":134,"column":47},"end":{"line":134,"column":98}},"type":"cond-expr","locations":[{"start":{"line":134,"column":68},"end":{"line":134,"column":77}},{"start":{"line":134,"column":80},"end":{"line":134,"column":98}}],"line":134},"10":{"loc":{"start":{"line":137,"column":6},"end":{"line":137,"column":44}},"type":"if","locations":[{"start":{"line":137,"column":6},"end":{"line":137,"column":44}},{"start":{},"end":{}}],"line":137},"11":{"loc":{"start":{"line":139,"column":6},"end":{"line":148,"column":7}},"type":"if","locations":[{"start":{"line":139,"column":6},"end":{"line":148,"column":7}},{"start":{"line":146,"column":13},"end":{"line":148,"column":7}}],"line":139}},"s":{"0":2,"1":2,"2":6,"3":1,"4":5,"5":5,"6":40,"7":17,"8":14,"9":3,"10":4,"11":2,"12":2,"13":2,"14":0,"15":2,"16":15,"17":2,"18":14,"19":51,"20":51,"21":51,"22":15,"23":51,"24":51,"25":18,"26":18,"27":18,"28":18,"29":0,"30":0,"31":0,"32":16,"33":1,"34":15,"35":13,"36":2,"37":18,"38":18,"39":51,"40":1,"41":2},"f":{"0":2,"1":6,"2":40,"3":14,"4":51,"5":15,"6":18,"7":18,"8":18,"9":1,"10":2},"b":{"0":[1,5],"1":[17,4,2,15,2],"2":[14,3],"3":[2,2],"4":[4,3],"5":[0,2],"6":[0,2],"7":[13,2],"8":[0,0],"9":[0,0],"10":[1,15],"11":[13,2]},"_coverageSchema":"1a1c01bbd47fc00a2c39e90264f33305004495a9","hash":"aa15af8e48bf54308de7e87f704354c4715883dc"}
,"/home/user/bumpa/src/hooks/useDebouncedValue.ts": {"path":"/home/user/bumpa/src/hooks/useDebouncedValue.ts","statementMap":{"0":{"start":{"line":6,"column":36},"end":{"line":6,"column":51}},"1":{"start":{"line":8,"column":2},"end":{"line":11,"column":23}},"2":{"start":{"line":9,"column":18},"end":{"line":9,"column":64}},"3":{"start":{"line":9,"column":35},"end":{"line":9,"column":54}},"4":{"start":{"line":10,"column":4},"end":{"line":10,"column":37}},"5":{"start":{"line":10,"column":17},"end":{"line":10,"column":36}},"6":{"start":{"line":13,"column":2},"end":{"line":13,"column":19}}},"fnMap":{"0":{"name":"useDebouncedValue","decl":{"start":{"line":5,"column":16},"end":{"line":5,"column":33}},"loc":{"start":{"line":5,"column":67},"end":{"line":14,"column":1}},"line":5},"1":{"name":"(anonymous_1)","decl":{"start":{"line":8,"column":12},"end":{"line":8,"column":13}},"loc":{"start":{"line":8,"column":18},"end":{"line":11,"column":3}},"line":8},"2":{"name":"(anonymous_2)","decl":{"start":{"line":9,"column":29},"end":{"line":9,"column":30}},"loc":{"start":{"line":9,"column":35},"end":{"line":9,"column":54}},"line":9},"3":{"name":"(anonymous_3)","decl":{"start":{"line":10,"column":11},"end":{"line":10,"column":12}},"loc":{"start":{"line":10,"column":17},"end":{"line":10,"column":36}},"line":10}},"branchMap":{},"s":{"0":61,"1":61,"2":24,"3":4,"4":24,"5":24,"6":61},"f":{"0":61,"1":24,"2":4,"3":24},"b":{},"_coverageSchema":"1a1c01bbd47fc00a2c39e90264f33305004495a9","hash":"95bfbdea4506901c40963487c02d876f9b90f1e3"}
,"/home/user/bumpa/src/hooks/useFetch.ts": {"path":"/home/user/bumpa/src/hooks/useFetch.ts","statementMap":{"0":{"start":{"line":35,"column":2},"end":{"line":44,"column":3}},"1":{"start":{"line":37,"column":6},"end":{"line":37,"column":59}},"2":{"start":{"line":39,"column":6},"end":{"line":39,"column":78}},"3":{"start":{"line":41,"column":6},"end":{"line":41,"column":78}},"4":{"start":{"line":43,"column":6},"end":{"line":43,"column":63}},"5":{"start":{"line":55,"column":28},"end":{"line":58,"column":3}},"6":{"start":{"line":60,"column":18},"end":{"line":60,"column":31}},"7":{"start":{"line":62,"column":2},"end":{"line":97,"column":25}},"8":{"start":{"line":63,"column":23},"end":{"line":63,"column":44}},"9":{"start":{"line":64,"column":4},"end":{"line":64,"column":34}},"10":{"start":{"line":66,"column":4},"end":{"line":94,"column":9}},"11":{"start":{"line":68,"column":6},"end":{"line":82,"column":7}},"12":{"start":{"line":69,"column":8},"end":{"line":69,"column":50}},"13":{"start":{"line":74,"column":8},"end":{"line":74,"column":36}},"14":{"start":{"line":74,"column":29},"end":{"line":74,"column":36}},"15":{"start":{"line":75,"column":8},"end":{"line":81,"column":10}},"16":{"start":{"line":87,"column":6},"end":{"line":87,"column":44}},"17":{"start":{"line":87,"column":37},"end":{"line":87,"column":44}},"18":{"start":{"line":89,"column":6},"end":{"line":93,"column":7}},"19":{"start":{"line":90,"column":8},"end":{"line":90,"column":59}},"20":{"start":{"line":92,"column":8},"end":{"line":92,"column":58}},"21":{"start":{"line":96,"column":4},"end":{"line":96,"column":36}},"22":{"start":{"line":96,"column":17},"end":{"line":96,"column":35}},"23":{"start":{"line":99,"column":2},"end":{"line":102,"column":4}},"24":{"start":{"line":101,"column":17},"end":{"line":101,"column":46}}},"fnMap":{"0":{"name":"fetchReducer","decl":{"start":{"line":34,"column":16},"end":{"line":34,"column":28}},"loc":{"start":{"line":34,"column":93},"end":{"line":45,"column":1}},"line":34},"1":{"name":"useFetch","decl":{"start":{"line":54,"column":16},"end":{"line":54,"column":24}},"loc":{"start":{"line":54,"column":68},"end":{"line":103,"column":1}},"line":54},"2":{"name":"(anonymous_2)","decl":{"start":{"line":62,"column":12},"end":{"line":62,"column":13}},"loc":{"start":{"line":62,"column":18},"end":{"line":97,"column":3}},"line":62},"3":{"name":"(anonymous_3)","decl":{"start":{"line":66,"column":5},"end":{"line":66,"column":6}},"loc":{"start":{"line":66,"column":17},"end":{"line":94,"column":5}},"line":66},"4":{"name":"(anonymous_4)","decl":{"start":{"line":96,"column":11},"end":{"line":96,"column":12}},"loc":{"start":{"line":96,"column":17},"end":{"line":96,"column":35}},"line":96},"5":{"name":"(anonymous_5)","decl":{"start":{"line":101,"column":11},"end":{"line":101,"column":12}},"loc":{"start":{"line":101,"column":17},"end":{"line":101,"column":46}},"line":101}},"branchMap":{"0":{"loc":{"start":{"line":35,"column":2},"end":{"line":44,"column":3}},"type":"switch","locations":[{"start":{"line":36,"column":4},"end":{"line":37,"column":59}},{"start":{"line":38,"column":4},"end":{"line":39,"column":78}},{"start":{"line":40,"column":4},"end":{"line":41,"column":78}},{"start":{"line":42,"column":4},"end":{"line":43,"column":63}}],"line":35},"1":{"loc":{"start":{"line":74,"column":8},"end":{"line":74,"column":36}},"type":"if","locations":[{"start":{"line":74,"column":8},"end":{"line":74,"column":36}},{"start":{},"end":{}}],"line":74},"2":{"loc":{"start":{"line":79,"column":21},"end":{"line":79,"column":72}},"type":"cond-expr","locations":[{"start":{"line":79,"column":42},"end":{"line":79,"column":51}},{"start":{"line":79,"column":54},"end":{"line":79,"column":72}}],"line":79},"3":{"loc":{"start":{"line":87,"column":6},"end":{"line":87,"column":44}},"type":"if","locations":[{"start":{"line":87,"column":6},"end":{"line":87,"column":44}},{"start":{},"end":{}}],"line":87},"4":{"loc":{"start":{"line":89,"column":6},"end":{"line":93,"column":7}},"type":"if","locations":[{"start":{"line":89,"column":6},"end":{"line":93,"column":7}},{"start":{"line":91,"column":13},"end":{"line":93,"column":7}}],"line":89}},"s":{"0":34,"1":17,"2":9,"3":5,"4":3,"5":48,"6":48,"7":48,"8":17,"9":17,"10":17,"11":17,"12":17,"13":4,"14":3,"15":1,"16":14,"17":0,"18":14,"19":9,"20":5,"21":17,"22":17,"23":48,"24":3},"f":{"0":34,"1":48,"2":17,"3":17,"4":17,"5":3},"b":{"0":[17,9,5,3],"1":[3,1],"2":[1,0],"3":[0,14],"4":[9,5]},"_coverageSchema":"1a1c01bbd47fc00a2c39e90264f33305004495a9","hash":"fb9d34c7aeda00497d8aee68a96755282e5d899e"}
,"/home/user/bumpa/src/navigation/RootNavigator.tsx": {"path":"/home/user/bumpa/src/navigation/RootNavigator.tsx","statementMap":{"0":{"start":{"line":11,"column":14},"end":{"line":11,"column":62}},"1":{"start":{"line":14,"column":2},"end":{"line":38,"column":4}},"2":{"start":{"line":16,"column":42},"end":{"line":23,"column":7}},"3":{"start":{"line":22,"column":27},"end":{"line":22,"column":84}},"4":{"start":{"line":22,"column":53},"end":{"line":22,"column":80}},"5":{"start":{"line":29,"column":33},"end":{"line":29,"column":80}}},"fnMap":{"0":{"name":"RootNavigator","decl":{"start":{"line":13,"column":24},"end":{"line":13,"column":37}},"loc":{"start":{"line":13,"column":40},"end":{"line":39,"column":1}},"line":13},"1":{"name":"(anonymous_1)","decl":{"start":{"line":16,"column":21},"end":{"line":16,"column":22}},"loc":{"start":{"line":16,"column":42},"end":{"line":23,"column":7}},"line":16},"2":{"name":"(anonymous_2)","decl":{"start":{"line":22,"column":21},"end":{"line":22,"column":22}},"loc":{"start":{"line":22,"column":27},"end":{"line":22,"column":84}},"line":22},"3":{"name":"(anonymous_3)","decl":{"start":{"line":22,"column":47},"end":{"line":22,"column":48}},"loc":{"start":{"line":22,"column":53},"end":{"line":22,"column":80}},"line":22},"4":{"name":"(anonymous_4)","decl":{"start":{"line":29,"column":17},"end":{"line":29,"column":18}},"loc":{"start":{"line":29,"column":33},"end":{"line":29,"column":80}},"line":29}},"branchMap":{"0":{"loc":{"start":{"line":29,"column":42},"end":{"line":29,"column":78}},"type":"binary-expr","locations":[{"start":{"line":29,"column":42},"end":{"line":29,"column":60}},{"start":{"line":29,"column":64},"end":{"line":29,"column":78}}],"line":29}},"s":{"0":1,"1":2,"2":4,"3":3,"4":1,"5":0},"f":{"0":2,"1":4,"2":3,"3":1,"4":0},"b":{"0":[0,0]},"_coverageSchema":"1a1c01bbd47fc00a2c39e90264f33305004495a9","hash":"f31d80395c4a5ac3453b338cca327b2177627dc4"}
,"/home/user/bumpa/src/navigation/types.ts": {"path":"/home/user/bumpa/src/navigation/types.ts","statementMap":{},"fnMap":{},"branchMap":{},"s":{},"f":{},"b":{}}
[...]
,"/home/user/bumpa/src/screens/HomeScreen.tsx": {"path":"/home/user/bumpa/src/screens/HomeScreen.tsx","statementMap":{"0":{"start":{"line":27,"column":28},"end":{"line":27,"column":40}},"1":{"start":{"line":29,"column":37},"end":{"line":31,"column":3}},"2":{"start":{"line":32,"column":18},"end":{"line":32,"column":48}},"3":{"start":{"line":32,"column":38},"end":{"line":32,"column":47}},"4":{"start":{"line":33,"column":20},"end":{"line":33,"column":34}},"5":{"start":{"line":35,"column":22},"end":{"line":38,"column":3}},"6":{"start":{"line":36,"column":20},"end":{"line":36,"column":94}},"7":{"start":{"line":43,"column":26},"end":{"line":49,"column":3}},"8":{"start":{"line":45,"column":6},"end":{"line":45,"column":20}},"9":{"start":{"line":46,"column":6},"end":{"line":46,"column":41}},"10":{"start":{"line":51,"column":24},"end":{"line":97,"column":3}},"11":{"start":{"line":52,"column":4},"end":{"line":54,"column":5}},"12":{"start":{"line":53,"column":6},"end":{"line":53,"column":93}},"13":{"start":{"line":55,"column":4},"end":{"line":57,"column":5}},"14":{"start":{"line":56,"column":6},"end":{"line":56,"column":63}},"15":{"start":{"line":58,"column":4},"end":{"line":60,"column":5}},"16":{"start":{"line":59,"column":6},"end":{"line":59,"column":47}},"17":{"start":{"line":61,"column":4},"end":{"line":96,"column":6}},"18":{"start":{"line":64,"column":32},"end":{"line":64,"column":39}},"19":{"start":{"line":66,"column":10},"end":{"line":66,"column":86}},"20":{"start":{"line":68,"column":42},"end":{"line":72,"column":9}},"21":{"start":{"line":99,"column":2},"end":{"line":113,"column":4}},"22":{"start":{"line":116,"column":15},"end":{"line":135,"column":2}}},"fnMap":{"0":{"name":"HomeScreen","decl":{"start":{"line":26,"column":24},"end":{"line":26,"column":34}},"loc":{"start":{"line":26,"column":58},"end":{"line":114,"column":1}},"line":26},"1":{"name":"(anonymous_1)","decl":{"start":{"line":32,"column":31},"end":{"line":32,"column":32}},"loc":{"start":{"line":32,"column":38},"end":{"line":32,"column":47}},"line":32},"2":{"name":"(anonymous_2)","decl":{"start":{"line":36,"column":4},"end":{"line":36,"column":5}},"loc":{"start":{"line":36,"column":20},"end":{"line":36,"column":94}},"line":36},"3":{"name":"(anonymous_3)","decl":{"start":{"line":44,"column":4},"end":{"line":44,"column":5}},"loc":{"start":{"line":44,"column":54},"end":{"line":47,"column":5}},"line":44},"4":{"name":"(anonymous_4)","decl":{"start":{"line":51,"column":24},"end":{"line":51,"column":25}},"loc":{"start":{"line":51,"column":30},"end":{"line":97,"column":3}},"line":51},"5":{"name":"(anonymous_5)","decl":{"start":{"line":64,"column":22},"end":{"line":64,"column":23}},"loc":{"start":{"line":64,"column":32},"end":{"line":64,"column":39}},"line":64},"6":{"name":"(anonymous_6)","decl":{"start":{"line":65,"column":20},"end":{"line":65,"column":21}},"loc":{"start":{"line":66,"column":10},"end":{"line":66,"column":86}},"line":66},"7":{"name":"(anonymous_7)","decl":{"start":{"line":68,"column":23},"end":{"line":68,"column":24}},"loc":{"start":{"line":68,"column":42},"end":{"line":72,"column":9}},"line":68}},"branchMap":{"0":{"loc":{"start":{"line":30,"column":4},"end":{"line":30,"column":61}},"type":"cond-expr","locations":[{"start":{"line":30,"column":26},"end":{"line":30,"column":46}},{"start":{"line":30,"column":49},"end":{"line":30,"column":61}}],"line":30},"1":{"loc":{"start":{"line":52,"column":4},"end":{"line":54,"column":5}},"type":"if","locations":[{"start":{"line":52,"column":4},"end":{"line":54,"column":5}},{"start":{},"end":{}}],"line":52},"2":{"loc":{"start":{"line":55,"column":4},"end":{"line":57,"column":5}},"type":"if","locations":[{"start":{"line":55,"column":4},"end":{"line":57,"column":5}},{"start":{},"end":{}}],"line":55},"3":{"loc":{"start":{"line":55,"column":8},"end":{"line":55,"column":60}},"type":"binary-expr","locations":[{"start":{"line":55,"column":8},"end":{"line":55,"column":32}},{"start":{"line":55,"column":36},"end":{"line":55,"column":60}}],"line":55},"4":{"loc":{"start":{"line":58,"column":4},"end":{"line":60,"column":5}},"type":"if","locations":[{"start":{"line":58,"column":4},"end":{"line":60,"column":5}},{"start":{},"end":{}}],"line":58},"5":{"loc":{"start":{"line":58,"column":8},"end":{"line":58,"column":62}},"type":"binary-expr","locations":[{"start":{"line":58,"column":8},"end":{"line":58,"column":34}},{"start":{"line":58,"column":38},"end":{"line":58,"column":62}}],"line":58},"6":{"loc":{"start":{"line":77,"column":10},"end":{"line":92,"column":18}},"type":"cond-expr","locations":[{"start":{"line":78,"column":12},"end":{"line":78,"column":95}},{"start":{"line":79,"column":14},"end":{"line":92,"column":18}}],"line":77},"7":{"loc":{"start":{"line":79,"column":14},"end":{"line":92,"column":18}},"type":"cond-expr","locations":[{"start":{"line":81,"column":12},"end":{"line":91,"column":19}},{"start":{"line":92,"column":14},"end":{"line":92,"column":18}}],"line":79}},"s":{"0":23,"1":23,"2":23,"3":66,"4":23,"5":23,"6":1,"7":23,"8":2,"9":2,"10":23,"11":23,"12":15,"13":8,"14":1,"15":7,"16":1,"17":6,"18":12,"19":6,"20":0,"21":23,"22":2},"f":{"0":23,"1":66,"2":1,"3":2,"4":23,"5":12,"6":6,"7":0},"b":{"0":[23,0],"1":[15,8],"2":[1,7],"3":[8,1],"4":[1,6],"5":[7,7],"6":[0,6],"7":[0,6]},"_coverageSchema":"1a1c01bbd47fc00a2c39e90264f33305004495a9","hash":"b6f4af8cf7cd50710a46d2c17c574b48216cb25a"}
,"/home/user/bumpa/src/store/cartPersistence.ts": {"path":"/home/user/bumpa/src/store/cartPersistence.ts","statementMap":{"0":{"start":{"line":6,"column":32},"end":{"line":6,"column":50}},"1":{"start":{"line":14,"column":2},"end":{"line":14,"column":56}},"2":{"start":{"line":14,"column":43},"end":{"line":14,"column":56}},"3":{"start":{"line":15,"column":12},"end":{"line":15,"column":21}},"4":{"start":{"line":16,"column":2},"end":{"line":23,"column":4}},"5":{"start":{"line":27,"column":2},"end":{"line":27,"column":56}},"6":{"start":{"line":27,"column":43},"end":{"line":27,"column":56}},"7":{"start":{"line":28,"column":15},"end":{"line":28,"column":28}},"8":{"start":{"line":29,"column":2},"end":{"line":29,"column":87}},"9":{"start":{"line":33,"column":2},"end":{"line":33,"column":32}},"10":{"start":{"line":33,"column":20},"end":{"line":33,"column":32}},"11":{"start":{"line":34,"column":2},"end":{"line":40,"column":3}},"12":{"start":{"line":35,"column":28},"end":{"line":35,"column":43}},"13":{"start":{"line":36,"column":4},"end":{"line":36,"column":73}},"14":{"start":{"line":36,"column":61},"end":{"line":36,"column":73}},"15":{"start":{"line":37,"column":4},"end":{"line":37,"column":18}},"16":{"start":{"line":39,"column":4},"end":{"line":39,"column":16}},"17":{"start":{"line":49,"column":34},"end":{"line":49,"column":38}},"18":{"start":{"line":50,"column":2},"end":{"line":54,"column":3}},"19":{"start":{"line":51,"column":4},"end":{"line":51,"column":75}},"20":{"start":{"line":53,"column":4},"end":{"line":53,"column":18}},"21":{"start":{"line":55,"column":2},"end":{"line":57,"column":3}},"22":{"start":{"line":56,"column":4},"end":{"line":56,"column":42}},"23":{"start":{"line":58,"column":2},"end":{"line":58,"column":34}},"24":{"start":{"line":67,"column":2},"end":{"line":74,"column":5}},"25":{"start":{"line":68,"column":4},"end":{"line":68,"column":32}},"26":{"start":{"line":68,"column":25},"end":{"line":68,"column":32}},"27":{"start":{"line":69,"column":4},"end":{"line":69,"column":43}},"28":{"start":{"line":69,"column":36},"end":{"line":69,"column":43}},"29":{"start":{"line":70,"column":4},"end":{"line":73,"column":7}}},"fnMap":{"0":{"name":"isBook","decl":{"start":{"line":13,"column":9},"end":{"line":13,"column":15}},"loc":{"start":{"line":13,"column":39},"end":{"line":24,"column":1}},"line":13},"1":{"name":"isCartLine","decl":{"start":{"line":26,"column":9},"end":{"line":26,"column":19}},"loc":{"start":{"line":26,"column":47},"end":{"line":30,"column":1}},"line":26},"2":{"name":"parseStoredCart","decl":{"start":{"line":32,"column":16},"end":{"line":32,"column":31}},"loc":{"start":{"line":32,"column":71},"end":{"line":41,"column":1}},"line":32},"3":{"name":"rehydrateCart","decl":{"start":{"line":48,"column":22},"end":{"line":48,"column":35}},"loc":{"start":{"line":48,"column":70},"end":{"line":59,"column":1}},"line":48},"4":{"name":"startCartPersistence","decl":{"start":{"line":66,"column":16},"end":{"line":66,"column":36}},"loc":{"start":{"line":66,"column":68},"end":{"line":75,"column":1}},"line":66},"5":{"name":"(anonymous_5)","decl":{"start":{"line":67,"column":25},"end":{"line":67,"column":26}},"loc":{"start":{"line":67,"column":42},"end":{"line":74,"column":3}},"line":67},"6":{"name":"(anonymous_6)","decl":{"start":{"line":70,"column":78},"end":{"line":70,"column":79}},"loc":{"start":{"line":70,"column":84},"end":{"line":73,"column":5}},"line":70}},"branchMap":{"0":{"loc":{"start":{"line":14,"column":2},"end":{"line":14,"column":56}},"type":"if","locations":[{"start":{"line":14,"column":2},"end":{"line":14,"column":56}},{"start":{},"end":{}}],"line":14},"1":{"loc":{"start":{"line":14,"column":6},"end":{"line":14,"column":41}},"type":"binary-expr","locations":[{"start":{"line":14,"column":6},"end":{"line":14,"column":27}},{"start":{"line":14,"column":31},"end":{"line":14,"column":41}}],"line":14},"2":{"loc":{"start":{"line":17,"column":4},"end":{"line":22,"column":20}},"type":"binary-expr","locations":[{"start":{"line":17,"column":4},"end":{"line":17,"column":28}},{"start":{"line":18,"column":4},"end":{"line":18,"column":31}},{"start":{"line":19,"column":4},"end":{"line":19,"column":28}},{"start":{"line":20,"column":5},"end":{"line":20,"column":24}},{"start":{"line":20,"column":28},"end":{"line":20,"column":58}},{"start":{"line":21,"column":4},"end":{"line":21,"column":37}},{"start":{"line":22,"column":4},"end":{"line":22,"column":20}}],"line":17},"3":{"loc":{"start":{"line":27,"column":2},"end":{"line":27,"column":56}},"type":"if","locations":[{"start":{"line":27,"column":2},"end":{"line":27,"column":56}},{"start":{},"end":{}}],"line":27},"4":{"loc":{"start":{"line":27,"column":6},"end":{"line":27,"column":41}},"type":"binary-expr","locations":[{"start":{"line":27,"column":6},"end":{"line":27,"column":27}},{"start":{"line":27,"column":31},"end":{"line":27,"column":41}}],"line":27},"5":{"loc":{"start":{"line":29,"column":9},"end":{"line":29,"column":86}},"type":"binary-expr","locations":[{"start":{"line":29,"column":9},"end":{"line":29,"column":26}},{"start":{"line":29,"column":30},"end":{"line":29,"column":65}},{"start":{"line":29,"column":69},"end":{"line":29,"column":86}}],"line":29},"6":{"loc":{"start":{"line":33,"column":2},"end":{"line":33,"column":32}},"type":"if","locations":[{"start":{"line":33,"column":2},"end":{"line":33,"column":32}},{"start":{},"end":{}}],"line":33},"7":{"loc":{"start":{"line":36,"column":4},"end":{"line":36,"column":73}},"type":"if","locations":[{"start":{"line":36,"column":4},"end":{"line":36,"column":73}},{"start":{},"end":{}}],"line":36},"8":{"loc":{"start":{"line":36,"column":8},"end":{"line":36,"column":59}},"type":"binary-expr","locations":[{"start":{"line":36,"column":8},"end":{"line":36,"column":30}},{"start":{"line":36,"column":34},"end":{"line":36,"column":59}}],"line":36},"9":{"loc":{"start":{"line":55,"column":2},"end":{"line":57,"column":3}},"type":"if","locations":[{"start":{"line":55,"column":2},"end":{"line":57,"column":3}},{"start":{},"end":{}}],"line":55},"10":{"loc":{"start":{"line":55,"column":6},"end":{"line":55,"column":42}},"type":"binary-expr","locations":[{"start":{"line":55,"column":6},"end":{"line":55,"column":21}},{"start":{"line":55,"column":25},"end":{"line":55,"column":42}}],"line":55},"11":{"loc":{"start":{"line":68,"column":4},"end":{"line":68,"column":32}},"type":"if","locations":[{"start":{"line":68,"column":4},"end":{"line":68,"column":32}},{"start":{},"end":{}}],"line":68},"12":{"loc":{"start":{"line":69,"column":4},"end":{"line":69,"column":43}},"type":"if","locations":[{"start":{"line":69,"column":4},"end":{"line":69,"column":43}},{"start":{},"end":{}}],"line":69}},"s":{"0":2,"1":7,"2":1,"3":6,"4":6,"5":7,"6":0,"7":7,"8":7,"9":17,"10":7,"11":10,"12":10,"13":8,"14":5,"15":3,"16":2,"17":10,"18":10,"19":10,"20":1,"21":10,"22":2,"23":10,"24":6,"25":10,"26":1,"27":9,"28":5,"29":4},"f":{"0":7,"1":7,"2":17,"3":10,"4":6,"5":10,"6":0},"b":{"0":[1,6],"1":[7,6],"2":[6,6,6,6,0,6,5],"3":[0,7],"4":[7,7],"5":[7,5,4],"6":[7,10],"7":[5,3],"8":[8,7],"9":[2,8],"10":[10,2],"11":[1,9],"12":[5,4]},"_coverageSchema":"1a1c01bbd47fc00a2c39e90264f33305004495a9","hash":"ef1799acf1bb17edbfe532861bb463b0ebeee7aa"}
,"/home/user/bumpa/src/store/cartStore.ts": {"path":"/home/user/bumpa/src/store/cartStore.ts","statementMap":{"0":{"start":{"line":27,"column":28},"end":{"line":63,"column":3}},"1":{"start":{"line":27,"column":56},"end":{"line":63,"column":1}},"2":{"start":{"line":32,"column":4},"end":{"line":42,"column":6}},"3":{"start":{"line":33,"column":23},"end":{"line":33,"column":75}},"4":{"start":{"line":33,"column":50},"end":{"line":33,"column":74}},"5":{"start":{"line":34,"column":6},"end":{"line":40,"column":7}},"6":{"start":{"line":35,"column":8},"end":{"line":39,"column":10}},"7":{"start":{"line":37,"column":12},"end":{"line":37,"column":86}},"8":{"start":{"line":41,"column":6},"end":{"line":41,"column":64}},"9":{"start":{"line":45,"column":4},"end":{"line":45,"column":86}},"10":{"start":{"line":45,"column":20},"end":{"line":45,"column":84}},"11":{"start":{"line":45,"column":58},"end":{"line":45,"column":81}},"12":{"start":{"line":48,"column":4},"end":{"line":57,"column":6}},"13":{"start":{"line":49,"column":6},"end":{"line":51,"column":7}},"14":{"start":{"line":50,"column":8},"end":{"line":50,"column":80}},"15":{"start":{"line":50,"column":53},"end":{"line":50,"column":76}},"16":{"start":{"line":52,"column":6},"end":{"line":56,"column":8}},"17":{"start":{"line":54,"column":10},"end":{"line":54,"column":64}},"18":{"start":{"line":59,"column":15},"end":{"line":59,"column":33}},"19":{"start":{"line":61,"column":27},"end":{"line":61,"column":41}},"20":{"start":{"line":62,"column":22},"end":{"line":62,"column":45}},"21":{"start":{"line":68,"column":2},"end":{"line":68,"column":65}},"22":{"start":{"line":68,"column":39},"end":{"line":68,"column":60}},"23":{"start":{"line":72,"column":2},"end":{"line":72,"column":89}},"24":{"start":{"line":72,"column":37},"end":{"line":72,"column":86}}},"fnMap":{"0":{"name":"(anonymous_0)","decl":{"start":{"line":27,"column":46},"end":{"line":27,"column":47}},"loc":{"start":{"line":27,"column":56},"end":{"line":63,"column":1}},"line":27},"1":{"name":"(anonymous_1)","decl":{"start":{"line":31,"column":11},"end":{"line":31,"column":12}},"loc":{"start":{"line":32,"column":4},"end":{"line":42,"column":6}},"line":32},"2":{"name":"(anonymous_2)","decl":{"start":{"line":32,"column":8},"end":{"line":32,"column":9}},"loc":{"start":{"line":32,"column":19},"end":{"line":42,"column":5}},"line":32},"3":{"name":"(anonymous_3)","decl":{"start":{"line":33,"column":40},"end":{"line":33,"column":41}},"loc":{"start":{"line":33,"column":50},"end":{"line":33,"column":74}},"line":33},"4":{"name":"(anonymous_4)","decl":{"start":{"line":36,"column":33},"end":{"line":36,"column":34}},"loc":{"start":{"line":37,"column":12},"end":{"line":37,"column":86}},"line":37},"5":{"name":"(anonymous_5)","decl":{"start":{"line":44,"column":14},"end":{"line":44,"column":15}},"loc":{"start":{"line":45,"column":4},"end":{"line":45,"column":86}},"line":45},"6":{"name":"(anonymous_6)","decl":{"start":{"line":45,"column":8},"end":{"line":45,"column":9}},"loc":{"start":{"line":45,"column":20},"end":{"line":45,"column":84}},"line":45},"7":{"name":"(anonymous_7)","decl":{"start":{"line":45,"column":48},"end":{"line":45,"column":49}},"loc":{"start":{"line":45,"column":58},"end":{"line":45,"column":81}},"line":45},"8":{"name":"(anonymous_8)","decl":{"start":{"line":47,"column":15},"end":{"line":47,"column":16}},"loc":{"start":{"line":48,"column":4},"end":{"line":57,"column":6}},"line":48},"9":{"name":"(anonymous_9)","decl":{"start":{"line":48,"column":8},"end":{"line":48,"column":9}},"loc":{"start":{"line":48,"column":19},"end":{"line":57,"column":5}},"line":48},"10":{"name":"(anonymous_10)","decl":{"start":{"line":50,"column":43},"end":{"line":50,"column":44}},"loc":{"start":{"line":50,"column":53},"end":{"line":50,"column":76}},"line":50},"11":{"name":"(anonymous_11)","decl":{"start":{"line":53,"column":31},"end":{"line":53,"column":32}},"loc":{"start":{"line":54,"column":10},"end":{"line":54,"column":64}},"line":54},"12":{"name":"(anonymous_12)","decl":{"start":{"line":59,"column":9},"end":{"line":59,"column":10}},"loc":{"start":{"line":59,"column":15},"end":{"line":59,"column":33}},"line":59},"13":{"name":"(anonymous_13)","decl":{"start":{"line":61,"column":16},"end":{"line":61,"column":17}},"loc":{"start":{"line":61,"column":27},"end":{"line":61,"column":41}},"line":61},"14":{"name":"(anonymous_14)","decl":{"start":{"line":62,"column":16},"end":{"line":62,"column":17}},"loc":{"start":{"line":62,"column":22},"end":{"line":62,"column":45}},"line":62},"15":{"name":"cartItemCount","decl":{"start":{"line":67,"column":16},"end":{"line":67,"column":29}},"loc":{"start":{"line":67,"column":66},"end":{"line":69,"column":1}},"line":67},"16":{"name":"(anonymous_16)","decl":{"start":{"line":68,"column":22},"end":{"line":68,"column":23}},"loc":{"start":{"line":68,"column":39},"end":{"line":68,"column":60}},"line":68},"17":{"name":"cartTotalKobo","decl":{"start":{"line":71,"column":16},"end":{"line":71,"column":29}},"loc":{"start":{"line":71,"column":66},"end":{"line":73,"column":1}},"line":71},"18":{"name":"(anonymous_18)","decl":{"start":{"line":72,"column":27},"end":{"line":72,"column":28}},"loc":{"start":{"line":72,"column":37},"end":{"line":72,"column":86}},"line":72}},"branchMap":{"0":{"loc":{"start":{"line":34,"column":6},"end":{"line":40,"column":7}},"type":"if","locations":[{"start":{"line":34,"column":6},"end":{"line":40,"column":7}},{"start":{},"end":{}}],"line":34},"1":{"loc":{"start":{"line":37,"column":12},"end":{"line":37,"column":86}},"type":"cond-expr","locations":[{"start":{"line":37,"column":39},"end":{"line":37,"column":79}},{"start":{"line":37,"column":82},"end":{"line":37,"column":86}}],"line":37},"2":{"loc":{"start":{"line":49,"column":6},"end":{"line":51,"column":7}},"type":"if","locations":[{"start":{"line":49,"column":6},"end":{"line":51,"column":7}},{"start":{},"end":{}}],"line":49},"3":{"loc":{"start":{"line":54,"column":10},"end":{"line":54,"column":64}},"type":"cond-expr","locations":[{"start":{"line":54,"column":36},"end":{"line":54,"column":57}},{"start":{"line":54,"column":60},"end":{"line":54,"column":64}}],"line":54}},"s":{"0":8,"1":8,"2":45,"3":45,"4":18,"5":45,"6":12,"7":13,"8":33,"9":2,"10":2,"11":3,"12":11,"13":11,"14":2,"15":2,"16":9,"17":11,"18":2,"19":2,"20":10,"21":97,"22":71,"23":130,"24":248},"f":{"0":8,"1":45,"2":45,"3":18,"4":13,"5":2,"6":2,"7":3,"8":11,"9":11,"10":2,"11":11,"12":2,"13":2,"14":10,"15":97,"16":71,"17":130,"18":248},"b":{"0":[12,33],"1":[12,1],"2":[2,9],"3":[9,2]},"_coverageSchema":"1a1c01bbd47fc00a2c39e90264f33305004495a9","hash":"d4e85ca7fe31a178af801d2a114a71df1a1fd3ce"}
,"/home/user/bumpa/src/theme/theme.ts": {"path":"/home/user/bumpa/src/theme/theme.ts","statementMap":{"0":{"start":{"line":3,"column":22},"end":{"line":16,"column":10}},"1":{"start":{"line":18,"column":23},"end":{"line":24,"column":10}},"2":{"start":{"line":26,"column":21},"end":{"line":31,"column":10}},"3":{"start":{"line":33,"column":20},"end":{"line":39,"column":10}}},"fnMap":{},"branchMap":{},"s":{"0":9,"1":9,"2":9,"3":9},"f":{},"b":{},"_coverageSchema":"1a1c01bbd47fc00a2c39e90264f33305004495a9","hash":"d37ab709734ae6843c8cc6c8a346e3249321a0c9"}
}
