TN:
SF:src/animation/FlyingCartOverlay.tsx
FN:36,Ghost
FN:40,(anonymous_1)
FN:44,(anonymous_2)
FN:55,(anonymous_3)
FN:97,DebugRects
FN:140,FlyingCartOverlay
FN:142,(anonymous_6)
FN:146,(anonymous_7)
FNF:8
FNH:7
FNDA:58,Ghost
FNDA:13,(anonymous_1)
FNDA:24,(anonymous_2)
FNDA:6640,(anonymous_3)
FNDA:0,DebugRects
FNDA:27,FlyingCartOverlay
FNDA:13,(anonymous_6)
FNDA:58,(anonymous_7)
DA:37,58
DA:38,58
DA:40,58
DA:41,13
DA:48,24
DA:55,58
DA:56,6640
DA:58,6640
DA:59,6640
DA:60,6640
DA:61,6640
DA:63,6640
DA:64,6640
DA:74,58
DA:98,0
DA:99,0
DA:100,0
DA:141,27
DA:142,27
DA:144,27
DA:147,58
DA:154,3
LF:22
LH:19
BRDA:63,0,0,5309
BRDA:63,0,1,1331
BRDA:88,1,0,0
BRDA:88,1,1,58
BRDA:99,2,0,0
BRDA:99,2,1,0
BRDA:149,3,0,27
BRDA:149,3,1,27
BRDA:149,3,2,0
BRF:9
BRH:5
end_of_record
TN:
SF:src/animation/animation.constants.ts
FNF:0
FNH:0
DA:6,3
DA:9,3
DA:16,3
DA:19,3
DA:20,3
DA:28,3
DA:29,3
LF:7
LH:7
BRF:0
BRH:0
end_of_record
TN:
SF:src/animation/flightController.tsx
FN:54,flightReducer
FN:70,(anonymous_1)
FN:76,displayedCount
FN:99,FlightProvider
FN:106,(anonymous_4)
FN:108,(anonymous_5)
FN:112,(anonymous_6)
FN:121,(anonymous_7)
FN:130,(anonymous_8)
FN:131,(anonymous_9)
FN:136,(anonymous_10)
FN:149,useFlightController
FNF:12
FNH:12
FNDA:43,flightReducer
FNDA:78,(anonymous_1)
FNDA:31,displayedCount
FNDA:37,FlightProvider
FNDA:21,(anonymous_4)
FNDA:21,(anonymous_5)
FNDA:21,(anonymous_6)
FNDA:15,(anonymous_7)
FNDA:13,(anonymous_8)
FNDA:25,(anonymous_9)
FNDA:37,(anonymous_10)
FNDA:124,useFlightController
DA:52,6
DA:55,43
DA:57,27
DA:70,78
DA:77,31
DA:91,6
DA:100,37
DA:101,37
DA:102,37
DA:106,37
DA:107,21
DA:108,21
DA:109,21
DA:111,21
DA:112,21
DA:113,21
DA:114,21
DA:118,37
DA:120,37
DA:123,15
DA:124,13
DA:125,13
DA:130,37
DA:131,37
DA:132,25
DA:135,37
DA:136,37
DA:146,37
DA:150,124
DA:151,124
DA:152,0
DA:154,124
LF:32
LH:31
BRDA:55,0,0,27
BRDA:55,0,1,16
BRDA:99,1,0,12
BRDA:109,2,0,21
BRDA:109,2,1,0
BRDA:109,3,0,21
BRDA:109,3,1,21
BRDA:118,4,0,37
BRDA:118,4,1,36
BRDA:123,5,0,2
BRDA:123,5,1,13
BRDA:123,6,0,15
BRDA:123,6,1,13
BRDA:151,7,0,0
BRDA:151,7,1,124
BRF:15
BRH:13
end_of_record
TN:
SF:src/animation/useFlyToCart.ts
FN:16,useFlyToCart
FN:20,(anonymous_1)
FN:24,(anonymous_2)
FN:26,(anonymous_3)
FNF:4
FNH:4
FNDA:46,useFlyToCart
FNDA:7,(anonymous_1)
FNDA:2,(anonymous_2)
FNDA:5,(anonymous_3)
DA:17,46
DA:19,46
DA:21,7
DA:22,7
DA:23,7
DA:24,5
DA:26,5
DA:27,1
DA:29,1
LF:9
LH:9
BRDA:21,0,0,0
BRDA:21,0,1,7
BRDA:23,1,0,2
BRDA:23,1,1,5
BRDA:23,2,0,7
BRDA:23,2,1,6
BRDA:26,3,0,1
BRDA:26,3,1,1
BRDA:26,4,0,5
BRDA:26,4,1,5
BRF:10
BRH:9
end_of_record
TN:
SF:src/api/books.ts
FN:19,searchBooks
FN:46,fetchAuthorNames
FN:51,(anonymous_2)
FN:60,(anonymous_3)
FN:69,getBookById
FN:73,(anonymous_5)
FN:91,(anonymous_6)
FN:92,(anonymous_7)
FNF:8
FNH:8
FNDA:6,searchBooks
FNDA:5,fetchAuthorNames
FNDA:2,(anonymous_2)
FNDA:2,(anonymous_3)
FNDA:8,getBookById
FNDA:10,(anonymous_5)
FNDA:2,(anonymous_6)
FNDA:2,(anonymous_7)
DA:6,5
DA:7,5
DA:9,5
DA:10,5
DA:24,6
DA:30,6
DA:35,6
DA:37,4
DA:38,4
DA:50,5
DA:52,2
DA:57,2
DA:60,5
DA:73,8
DA:74,10
DA:76,8
DA:77,7
DA:78,2
DA:79,2
DA:80,2
DA:81,0
DA:83,2
DA:84,2
DA:85,1
DA:88,6
DA:90,5
DA:91,2
DA:92,2
DA:93,5
DA:95,5
LF:30
LH:29
BRDA:22,0,0,6
BRDA:35,1,0,2
BRDA:35,1,1,4
BRDA:57,2,0,1
BRDA:57,2,1,1
BRDA:57,3,0,2
BRDA:57,3,1,1
BRDA:71,4,0,7
BRDA:77,5,0,2
BRDA:77,5,1,5
BRDA:77,6,0,7
BRDA:77,6,1,6
BRDA:78,7,0,2
BRDA:78,7,1,0
BRDA:80,8,0,0
BRDA:80,8,1,2
BRDA:80,9,0,2
BRDA:80,9,1,2
BRDA:84,10,0,1
BRDA:84,10,1,1
BRDA:84,11,0,2
BRDA:84,11,1,2
BRDA:88,12,0,1
BRDA:88,12,1,5
BRDA:90,13,0,5
BRDA:90,13,1,3
BRF:26
BRH:24
end_of_record
TN:
SF:src/api/client.ts
FN:10,parseRetryAfter
FN:16,statusToError
FN:41,fetchJson
FN:51,(anonymous_3)
FN:56,(anonymous_4)
FNF:5
FNH:5
FNDA:2,parseRetryAfter
FNDA:6,statusToError
FNDA:30,fetchJson
FNDA:2,(anonymous_3)
FNDA:2,(anonymous_4)
DA:3,6
DA:11,2
DA:12,1
DA:13,1
DA:17,6
DA:18,2
DA:24,4
DA:25,2
DA:29,2
DA:46,30
DA:49,30
DA:50,30
DA:51,30
DA:52,30
DA:53,3
DA:54,2
DA:56,29
DA:57,2
DA:58,2
DA:61,29
DA:63,29
DA:64,29
DA:69,6
DA:70,4
DA:71,2
DA:73,2
DA:75,2
DA:82,23
DA:83,6
DA:87,17
DA:88,17
DA:90,1
DA:93,16
DA:94,2
DA:96,14
DA:98,29
DA:99,29
LF:37
LH:37
BRDA:11,0,0,1
BRDA:11,0,1,1
BRDA:13,1,0,1
BRDA:13,1,1,0
BRDA:13,2,0,1
BRDA:13,2,1,1
BRDA:17,3,0,2
BRDA:17,3,1,4
BRDA:24,4,0,2
BRDA:24,4,1,2
BRDA:44,5,0,9
BRDA:46,6,0,29
BRDA:52,7,0,3
BRDA:52,7,1,27
BRDA:53,8,0,1
BRDA:53,8,1,2
BRDA:69,9,0,4
BRDA:69,9,1,2
BRDA:70,10,0,2
BRDA:70,10,1,2
BRDA:78,11,0,2
BRDA:78,11,1,0
BRDA:82,12,0,6
BRDA:82,12,1,17
BRDA:93,13,0,2
BRDA:93,13,1,14
BRDA:99,14,0,2
BRDA:99,14,1,27
BRF:28
BRH:26
end_of_record
TN:
SF:src/api/errors.ts
FN:18,(anonymous_0)
FN:19,(anonymous_1)
FN:21,isAbortError
FNF:3
FNH:3
FNDA:34,(anonymous_0)
FNDA:17,(anonymous_1)
FNDA:10,isAbortError
DA:18,34
DA:19,17
DA:22,10
LF:3
LH:3
BRDA:22,0,0,10
BRDA:22,0,1,10
BRF:2
BRH:2
end_of_record
TN:
SF:src/api/upstream.ts
FN:43,isRecord
FN:47,isOLSearchResponse
FN:52,(anonymous_2)
FN:56,isOLWork
FN:64,isRedirect
FN:68,isOLAuthor
FNF:6
FNH:6
FNDA:27,isRecord
FNDA:5,isOLSearchResponse
FNDA:6,(anonymous_2)
FNDA:8,isOLWork
FNDA:8,isRedirect
FNDA:1,isOLAuthor
DA:44,27
DA:48,5
DA:52,6
DA:57,8
DA:60,8
DA:61,8
DA:65,8
DA:69,1
LF:8
LH:8
BRDA:44,0,0,27
BRDA:44,0,1,22
BRDA:49,1,0,5
BRDA:49,1,1,5
BRDA:49,1,2,5
BRDA:49,1,3,4
BRDA:52,2,0,6
BRDA:52,2,1,6
BRDA:52,2,2,6
BRDA:57,3,0,0
BRDA:57,3,1,8
BRDA:57,4,0,8
BRDA:57,4,1,8
BRDA:60,5,0,8
BRDA:60,5,1,3
BRDA:60,5,2,3
BRDA:61,6,0,8
BRDA:61,6,1,5
BRDA:65,7,0,8
BRDA:65,7,1,3
BRDA:69,8,0,1
BRDA:69,8,1,1
BRF:22
BRH:21
end_of_record
TN:
SF:src/checkout/reference.ts
FN:8,makeTransactionReference
FNF:1
FNH:1
FNDA:107,makeTransactionReference
DA:9,107
DA:10,107
LF:2
LH:2
BRDA:8,0,0,6
BRF:1
BRH:1
end_of_record
TN:
SF:src/components/BookCard.tsx
FN:17,BookCard
FN:24,(anonymous_1)
FN:25,(anonymous_2)
FN:51,(anonymous_3)
FN:52,(anonymous_4)
FNF:5
FNH:5
FNDA:6,BookCard
FNDA:1,(anonymous_1)
FNDA:8,(anonymous_2)
FNDA:2,(anonymous_3)
FNDA:10,(anonymous_4)
DA:8,2
DA:18,6
DA:20,6
DA:24,1
DA:25,8
DA:51,2
DA:52,10
DA:67,2
LF:8
LH:8
BRDA:25,0,0,8
BRDA:25,0,1,1
BRDA:28,1,0,0
BRDA:28,1,1,6
BRDA:43,2,0,6
BRDA:43,2,1,0
BRDA:52,3,0,10
BRDA:52,3,1,2
BRF:8
BRH:6
end_of_record
TN:
SF:src/components/CartBadge.tsx
FN:24,CartBadge
FN:25,(anonymous_1)
FN:33,(anonymous_2)
FN:51,(anonymous_3)
FN:55,(anonymous_4)
FNF:5
FNH:3
FNDA:26,CartBadge
FNDA:95,(anonymous_1)
FNDA:12,(anonymous_2)
FNDA:0,(anonymous_3)
FNDA:0,(anonymous_4)
DA:25,95
DA:26,26
DA:27,26
DA:29,26
DA:30,26
DA:31,26
DA:33,26
DA:34,12
DA:35,5
DA:40,12
DA:43,26
DA:55,0
DA:56,0
DA:70,2
LF:14
LH:12
BRDA:34,0,0,5
BRDA:34,0,1,7
BRDA:47,1,0,5
BRDA:47,1,1,21
BRDA:61,2,0,26
BRDA:61,2,1,6
BRDA:63,3,0,0
BRDA:63,3,1,6
BRF:8
BRH:7
end_of_record
TN:
SF:src/components/EmptyView.tsx
FN:11,EmptyView
FNF:1
FNH:1
FNDA:1,EmptyView
DA:12,1
DA:22,2
LF:2
LH:2
BRF:0
BRH:0
end_of_record
TN:
SF:src/components/ErrorView.tsx
FN:9,copyFor
FN:46,ErrorView
FN:57,(anonymous_2)
FNF:3
FNH:3
FNDA:12,copyFor
FNDA:12,ErrorView
FNDA:8,(anonymous_2)
DA:10,12
DA:12,3
DA:20,2
DA:28,2
DA:34,5
DA:47,12
DA:48,12
DA:57,8
DA:66,4
LF:9
LH:9
BRDA:10,0,0,3
BRDA:10,0,1,2
BRDA:10,0,2,2
BRDA:10,0,3,4
BRDA:10,0,4,5
BRDA:15,1,0,1
BRDA:15,1,1,2
BRDA:23,2,0,1
BRDA:23,2,1,1
BRDA:52,3,0,12
BRDA:52,3,1,4
BRDA:57,4,0,8
BRDA:57,4,1,3
BRF:13
BRH:13
end_of_record
TN:
SF:src/components/PriceTag.tsx
FN:12,PriceTag
FNF:1
FNH:1
FNDA:386,PriceTag
DA:13,386
DA:23,6
LF:2
LH:2
BRDA:12,0,0,256
BRDA:15,1,0,386
BRDA:15,1,1,130
BRDA:16,2,0,1
BRDA:16,2,1,385
BRDA:18,3,0,1
BRDA:18,3,1,385
BRF:7
BRH:7
end_of_record
TN:
SF:src/components/QuantityStepper.tsx
FN:14,QuantityStepper
FN:22,(anonymous_1)
FN:23,(anonymous_2)
FN:34,(anonymous_3)
FN:35,(anonymous_4)
FNF:5
FNH:5
FNDA:10,QuantityStepper
FNDA:2,(anonymous_1)
FNDA:12,(anonymous_2)
FNDA:1,(anonymous_3)
FNDA:11,(anonymous_4)
DA:15,10
DA:22,2
DA:23,12
DA:34,1
DA:35,11
DA:44,2
LF:6
LH:6
BRDA:20,0,0,4
BRDA:20,0,1,6
BRDA:23,1,0,12
BRDA:23,1,1,2
BRDA:35,2,0,11
BRDA:35,2,1,1
BRF:6
BRH:6
end_of_record
TN:
SF:src/config/env.ts
FNF:0
FNH:0
DA:4,1
LF:1
LH:1
BRDA:4,0,0,1
BRDA:4,0,1,1
BRF:2
BRH:2
end_of_record
TN:
SF:src/config/featureFlags.ts
FNF:0
FNH:0
DA:6,6
DA:9,6
LF:2
LH:2
BRF:0
BRH:0
end_of_record
TN:
SF:src/config/tuning.ts
FNF:0
FNH:0
DA:6,3
DA:9,3
DA:12,3
LF:3
LH:3
BRF:0
BRH:0
end_of_record
TN:
SF:src/domain/book.ts
FN:23,workIdFromKey
FN:27,coverUrlFromId
FN:31,bookFromSearchDoc
FN:45,normaliseDescription
FN:51,bookDetailsFromWork
FNF:5
FNH:5
FNDA:11,workIdFromKey
FNDA:11,coverUrlFromId
FNDA:6,bookFromSearchDoc
FNDA:5,normaliseDescription
FNDA:5,bookDetailsFromWork
DA:24,11
DA:28,11
DA:32,6
DA:33,6
DA:46,5
DA:47,3
DA:48,2
DA:52,5
DA:53,5
LF:9
LH:9
BRDA:28,0,0,6
BRDA:28,0,1,5
BRDA:36,1,0,6
BRDA:36,1,1,3
BRDA:38,2,0,6
BRDA:38,2,1,0
BRDA:46,3,0,2
BRDA:46,3,1,3
BRDA:47,4,0,1
BRDA:47,4,1,2
BRDA:48,5,0,2
BRDA:48,5,1,0
BRDA:62,6,0,5
BRDA:62,6,1,3
BRF:14
BRH:12
end_of_record
TN:
SF:src/domain/money.ts
FN:5,assertKobo
FN:13,lineTotalKobo
FN:21,sumKobo
FN:22,(anonymous_3)
FN:33,koboToWholeNairaForPaystack
FN:48,formatNaira
FNF:6
FNH:6
FNDA:1546,assertKobo
FNDA:496,lineTotalKobo
FNDA:133,sumKobo
FNDA:253,(anonymous_3)
FNDA:12,koboToWholeNairaForPaystack
FNDA:778,formatNaira
DA:6,1546
DA:7,9
DA:9,1537
DA:14,496
DA:15,495
DA:16,1
DA:18,494
DA:22,253
DA:34,12
DA:35,11
DA:36,1
DA:40,10
DA:49,778
DA:50,777
DA:51,777
DA:52,777
DA:53,777
LF:17
LH:17
BRDA:5,0,0,260
BRDA:6,1,0,9
BRDA:6,1,1,1537
BRDA:6,2,0,1546
BRDA:6,2,1,1538
BRDA:15,3,0,1
BRDA:15,3,1,494
BRDA:15,4,0,495
BRDA:15,4,1,494
BRDA:35,5,0,1
BRDA:35,5,1,10
BRDA:53,6,0,773
BRDA:53,6,1,4
BRF:13
BRH:13
end_of_record
TN:
SF:src/domain/price.ts
FN:16,fnv1a
FN:26,priceKoboForBook
FN:31,ratingForBook
FNF:3
FNH:3
FNDA:58,fnv1a
FNDA:35,priceKoboForBook
FNDA:23,ratingForBook
DA:9,6
DA:10,6
DA:11,6
DA:12,6
DA:13,6
DA:17,58
DA:18,58
DA:19,456
DA:20,456
DA:22,58
DA:27,35
DA:32,23
DA:33,23
LF:13
LH:13
BRF:0
BRH:0
end_of_record
TN:
SF:src/hooks/useBookSearch.ts
FN:36,dedupeById
FN:38,(anonymous_1)
FN:45,bookSearchReducer
FN:90,initialSearchState
FN:113,useBookSearch
FN:117,(anonymous_5)
FN:123,(anonymous_6)
FN:126,(anonymous_7)
FN:151,(anonymous_8)
FN:156,(anonymous_9)
FN:157,(anonymous_10)
FNF:11
FNH:11
FNDA:2,dedupeById
FNDA:6,(anonymous_1)
FNDA:40,bookSearchReducer
FNDA:14,initialSearchState
FNDA:51,useBookSearch
FNDA:15,(anonymous_5)
FNDA:18,(anonymous_6)
FNDA:18,(anonymous_7)
FNDA:18,(anonymous_8)
FNDA:1,(anonymous_9)
FNDA:2,(anonymous_10)
DA:37,2
DA:38,2
DA:39,6
DA:40,5
DA:41,5
DA:49,40
DA:51,17
DA:52,3
DA:64,4
DA:65,2
DA:67,2
DA:68,2
DA:74,15
DA:86,2
DA:91,14
DA:114,51
DA:115,51
DA:117,51
DA:118,15
DA:121,51
DA:123,51
DA:124,18
DA:126,18
DA:128,18
DA:129,18
DA:131,0
DA:132,0
DA:137,16
DA:139,15
DA:140,13
DA:147,2
DA:151,18
DA:154,51
DA:156,1
DA:157,2
LF:35
LH:33
BRDA:39,0,0,1
BRDA:39,0,1,5
BRDA:49,1,0,17
BRDA:49,1,1,4
BRDA:49,1,2,2
BRDA:49,1,3,15
BRDA:49,1,4,2
BRDA:51,2,0,14
BRDA:51,2,1,3
BRDA:64,3,0,2
BRDA:64,3,1,2
BRDA:64,4,0,4
BRDA:64,4,1,3
BRDA:67,5,0,0
BRDA:67,5,1,2
BRDA:71,6,0,0
BRDA:71,6,1,2
BRDA:80,7,0,13
BRDA:80,7,1,2
BRDA:131,8,0,0
BRDA:131,8,1,0
BRDA:134,9,0,0
BRDA:134,9,1,0
BRDA:137,10,0,1
BRDA:137,10,1,15
BRDA:139,11,0,13
BRDA:139,11,1,2
BRF:27
BRH:21
end_of_record
TN:
SF:src/hooks/useDebouncedValue.ts
FN:5,useDebouncedValue
FN:8,(anonymous_1)
FN:9,(anonymous_2)
FN:10,(anonymous_3)
FNF:4
FNH:4
FNDA:61,useDebouncedValue
FNDA:24,(anonymous_1)
FNDA:4,(anonymous_2)
FNDA:24,(anonymous_3)
DA:6,61
DA:8,61
DA:9,24
DA:10,24
DA:13,61
LF:5
LH:5
BRF:0
BRH:0
end_of_record
TN:
SF:src/hooks/useFetch.ts
FN:34,fetchReducer
FN:54,useFetch
FN:62,(anonymous_2)
FN:66,(anonymous_3)
FN:96,(anonymous_4)
FN:101,(anonymous_5)
FNF:6
FNH:6
FNDA:34,fetchReducer
FNDA:48,useFetch
FNDA:17,(anonymous_2)
FNDA:17,(anonymous_3)
FNDA:17,(anonymous_4)
FNDA:3,(anonymous_5)
DA:35,34
DA:37,17
DA:39,9
DA:41,5
DA:43,3
DA:55,48
DA:60,48
DA:62,48
DA:63,17
DA:64,17
DA:66,17
DA:68,17
DA:69,17
DA:74,4
DA:75,1
DA:87,14
DA:89,14
DA:90,9
DA:92,5
DA:96,17
DA:99,48
DA:101,3
LF:22
LH:22
BRDA:35,0,0,17
BRDA:35,0,1,9
BRDA:35,0,2,5
BRDA:35,0,3,3
BRDA:74,1,0,3
BRDA:74,1,1,1
BRDA:79,2,0,1
BRDA:79,2,1,0
BRDA:87,3,0,0
BRDA:87,3,1,14
BRDA:89,4,0,9
BRDA:89,4,1,5
BRF:12
BRH:10
end_of_record
TN:
SF:src/navigation/RootNavigator.tsx
FN:13,RootNavigator
FN:16,(anonymous_1)
FN:22,(anonymous_2)
FN:22,(anonymous_3)
FN:29,(anonymous_4)
FNF:5
FNH:4
FNDA:2,RootNavigator
FNDA:4,(anonymous_1)
FNDA:3,(anonymous_2)
FNDA:1,(anonymous_3)
FNDA:0,(anonymous_4)
DA:11,1
DA:14,2
DA:16,4
DA:22,3
DA:29,0
LF:5
LH:4
BRDA:29,0,0,0
BRDA:29,0,1,0
BRF:2
BRH:0
end_of_record
TN:
SF:src/navigation/types.ts
FNF:0
FNH:0
LF:0
LH:0
BRF:0
BRH:0
end_of_record
TN:
SF:src/screens/BookDetailsScreen.tsx
FN:24,BookDetailsScreen
FN:30,(anonymous_1)
FN:34,(anonymous_2)
FN:71,(anonymous_3)
FN:75,(anonymous_4)
FN:82,(anonymous_5)
FNF:6
FNH:6
FNDA:18,BookDetailsScreen
FNDA:6,(anonymous_1)
FNDA:55,(anonymous_2)
FNDA:1,(anonymous_3)
FNDA:6,(anonymous_4)
FNDA:3,(anonymous_5)
DA:25,18
DA:29,18
DA:30,6
DA:33,18
DA:34,55
DA:35,18
DA:36,18
DA:38,18
DA:39,12
DA:41,6
DA:42,2
DA:45,4
DA:46,4
DA:72,1
DA:73,1
DA:75,6
DA:83,3
DA:93,2
LF:18
LH:18
BRDA:38,0,0,12
BRDA:38,0,1,6
BRDA:38,1,0,18
BRDA:38,1,1,11
BRDA:41,2,0,2
BRDA:41,2,1,4
BRDA:49,3,0,3
BRDA:49,3,1,1
BRDA:64,4,0,3
BRDA:64,4,1,1
BRDA:75,5,0,6
BRDA:75,5,1,1
BRDA:79,6,0,4
BRDA:79,6,1,3
BRDA:80,7,0,4
BRDA:80,7,1,3
BRF:16
BRH:16
end_of_record
TN:
SF:src/screens/CartScreen.tsx
FN:13,CartScreen
FN:14,(anonymous_1)
FN:15,(anonymous_2)
FN:16,(anonymous_3)
FN:17,(anonymous_4)
FN:36,(anonymous_5)
FN:52,(anonymous_6)
FN:60,(anonymous_7)
FN:74,(anonymous_8)
FN:86,(anonymous_9)
FN:87,(anonymous_10)
FNF:11
FNH:10
FNDA:13,CartScreen
FNDA:43,(anonymous_1)
FNDA:43,(anonymous_2)
FNDA:43,(anonymous_3)
FNDA:43,(anonymous_4)
FNDA:10,(anonymous_5)
FNDA:3,(anonymous_6)
FNDA:1,(anonymous_7)
FNDA:17,(anonymous_8)
FNDA:0,(anonymous_9)
FNDA:9,(anonymous_10)
DA:14,43
DA:15,43
DA:16,43
DA:17,43
DA:21,13
DA:22,1
DA:25,12
DA:26,3
DA:34,9
DA:36,9
DA:37,10
DA:52,3
DA:60,1
DA:70,9
DA:74,17
DA:86,0
DA:87,9
DA:96,2
LF:18
LH:17
BRDA:21,0,0,1
BRDA:21,0,1,12
BRDA:25,1,0,3
BRDA:25,1,1,9
BRDA:38,2,0,0
BRDA:38,2,1,10
BRDA:87,3,0,9
BRDA:87,3,1,0
BRF:8
BRH:6
end_of_record
TN:
SF:src/screens/CheckoutScreen.tsx
FN:37,CheckoutScreen
FN:38,(anonymous_1)
FN:39,(anonymous_2)
FN:69,(anonymous_3)
FN:70,(anonymous_4)
FN:87,(anonymous_5)
FN:88,(anonymous_6)
FN:96,(anonymous_7)
FN:103,(anonymous_8)
FN:110,(anonymous_9)
FN:111,(anonymous_10)
FN:135,(anonymous_11)
FN:168,(anonymous_12)
FNF:13
FNH:12
FNDA:119,CheckoutScreen
FNDA:358,(anonymous_1)
FNDA:358,(anonymous_2)
FNDA:0,(anonymous_3)
FNDA:1,(anonymous_4)
FNDA:1,(anonymous_5)
FNDA:2,(anonymous_6)
FNDA:6,(anonymous_7)
FNDA:1,(anonymous_8)
FNDA:2,(anonymous_9)
FNDA:1,(anonymous_10)
FNDA:234,(anonymous_11)
FNDA:123,(anonymous_12)
DA:35,2
DA:38,358
DA:39,358
DA:40,119
DA:42,119
DA:43,119
DA:45,119
DA:46,119
DA:48,119
DA:49,0
DA:60,119
DA:61,1
DA:69,0
DA:70,1
DA:78,118
DA:79,1
DA:87,1
DA:88,2
DA:96,117
DA:97,6
DA:98,6
DA:107,1
DA:108,1
DA:110,2
DA:112,1
DA:122,117
DA:136,234
DA:168,123
DA:186,2
LF:29
LH:27
BRDA:48,0,0,0
BRDA:48,0,1,119
BRDA:60,1,0,1
BRDA:60,1,1,118
BRDA:70,2,0,1
BRDA:70,2,1,0
BRDA:78,3,0,1
BRDA:78,3,1,117
BRDA:88,4,0,2
BRDA:88,4,1,1
BRDA:115,5,0,1
BRDA:115,5,1,0
BRDA:115,6,0,1
BRDA:115,6,1,1
BRDA:125,7,0,117
BRDA:125,7,1,0
BRDA:128,8,0,117
BRDA:128,8,1,111
BRDA:128,8,2,2
BRDA:165,9,0,117
BRDA:165,9,1,24
BRDA:165,9,2,24
BRDA:166,10,0,117
BRDA:166,10,1,24
BRDA:166,10,2,24
BRDA:170,11,0,123
BRDA:170,11,1,30
BRDA:170,11,2,30
BRDA:170,11,3,99
BRDA:171,12,0,123
BRDA:171,12,1,6
BRDA:175,13,0,6
BRDA:175,13,1,111
BRF:33
BRH:29
end_of_record
TN:
SF:src/screens/HomeScreen.tsx
FN:26,HomeScreen
FN:32,(anonymous_1)
FN:36,(anonymous_2)
FN:44,(anonymous_3)
FN:51,(anonymous_4)
FN:64,(anonymous_5)
FN:65,(anonymous_6)
FN:68,(anonymous_7)
FNF:8
FNH:7
FNDA:23,HomeScreen
FNDA:66,(anonymous_1)
FNDA:1,(anonymous_2)
FNDA:2,(anonymous_3)
FNDA:23,(anonymous_4)
FNDA:12,(anonymous_5)
FNDA:6,(anonymous_6)
FNDA:0,(anonymous_7)
DA:27,23
DA:29,23
DA:32,66
DA:33,23
DA:35,23
DA:36,1
DA:43,23
DA:45,2
DA:46,2
DA:51,23
DA:52,23
DA:53,15
DA:55,8
DA:56,1
DA:58,7
DA:59,1
DA:61,6
DA:64,12
DA:66,6
DA:68,0
DA:99,23
DA:116,2
LF:22
LH:21
BRDA:30,0,0,23
BRDA:30,0,1,0
BRDA:52,1,0,15
BRDA:52,1,1,8
BRDA:55,2,0,1
BRDA:55,2,1,7
BRDA:55,3,0,8
BRDA:55,3,1,1
BRDA:58,4,0,1
BRDA:58,4,1,6
BRDA:58,5,0,7
BRDA:58,5,1,7
BRDA:77,6,0,0
BRDA:77,6,1,6
BRDA:79,7,0,0
BRDA:79,7,1,6
BRF:16
BRH:13
end_of_record
TN:
SF:src/store/cartPersistence.ts
FN:13,isBook
FN:26,isCartLine
FN:32,parseStoredCart
FN:48,rehydrateCart
FN:66,startCartPersistence
FN:67,(anonymous_5)
FN:70,(anonymous_6)
FNF:7
FNH:6
FNDA:7,isBook
FNDA:7,isCartLine
FNDA:17,parseStoredCart
FNDA:10,rehydrateCart
FNDA:6,startCartPersistence
FNDA:10,(anonymous_5)
FNDA:0,(anonymous_6)
DA:6,2
DA:14,7
DA:15,6
DA:16,6
DA:27,7
DA:28,7
DA:29,7
DA:33,17
DA:34,10
DA:35,10
DA:36,8
DA:37,3
DA:39,2
DA:49,10
DA:50,10
DA:51,10
DA:53,1
DA:55,10
DA:56,2
DA:58,10
DA:67,6
DA:68,10
DA:69,9
DA:70,4
LF:24
LH:24
BRDA:14,0,0,1
BRDA:14,0,1,6
BRDA:14,1,0,7
BRDA:14,1,1,6
BRDA:17,2,0,6
BRDA:17,2,1,6
BRDA:17,2,2,6
BRDA:17,2,3,6
BRDA:17,2,4,0
BRDA:17,2,5,6
BRDA:17,2,6,5
BRDA:27,3,0,0
BRDA:27,3,1,7
BRDA:27,4,0,7
BRDA:27,4,1,7
BRDA:29,5,0,7
BRDA:29,5,1,5
BRDA:29,5,2,4
BRDA:33,6,0,7
BRDA:33,6,1,10
BRDA:36,7,0,5
BRDA:36,7,1,3
BRDA:36,8,0,8
BRDA:36,8,1,7
BRDA:55,9,0,2
BRDA:55,9,1,8
BRDA:55,10,0,10
BRDA:55,10,1,2
BRDA:68,11,0,1
BRDA:68,11,1,9
BRDA:69,12,0,5
BRDA:69,12,1,4
BRF:32
BRH:30
end_of_record
TN:
SF:src/store/cartStore.ts
FN:27,(anonymous_0)
FN:31,(anonymous_1)
FN:32,(anonymous_2)
FN:33,(anonymous_3)
FN:36,(anonymous_4)
FN:44,(anonymous_5)
FN:45,(anonymous_6)
FN:45,(anonymous_7)
FN:47,(anonymous_8)
FN:48,(anonymous_9)
FN:50,(anonymous_10)
FN:53,(anonymous_11)
FN:59,(anonymous_12)
FN:61,(anonymous_13)
FN:62,(anonymous_14)
FN:67,cartItemCount
FN:68,(anonymous_16)
FN:71,cartTotalKobo
FN:72,(anonymous_18)
FNF:19
FNH:19
FNDA:8,(anonymous_0)
FNDA:45,(anonymous_1)
FNDA:45,(anonymous_2)
FNDA:18,(anonymous_3)
FNDA:13,(anonymous_4)
FNDA:2,(anonymous_5)
FNDA:2,(anonymous_6)
FNDA:3,(anonymous_7)
FNDA:11,(anonymous_8)
FNDA:11,(anonymous_9)
FNDA:2,(anonymous_10)
FNDA:11,(anonymous_11)
FNDA:2,(anonymous_12)
FNDA:2,(anonymous_13)
FNDA:10,(anonymous_14)
FNDA:97,cartItemCount
FNDA:71,(anonymous_16)
FNDA:130,cartTotalKobo
FNDA:248,(anonymous_18)
DA:27,8
DA:32,45
DA:33,45
DA:34,45
DA:35,12
DA:37,13
DA:41,33
DA:45,3
DA:48,11
DA:49,11
DA:50,2
DA:52,9
DA:54,11
DA:59,2
DA:61,2
DA:62,10
DA:68,97
DA:72,248
LF:18
LH:18
BRDA:34,0,0,12
BRDA:34,0,1,33
BRDA:37,1,0,12
BRDA:37,1,1,1
BRDA:49,2,0,2
BRDA:49,2,1,9
BRDA:54,3,0,9
BRDA:54,3,1,2
BRF:8
BRH:8
end_of_record
TN:
SF:src/theme/theme.ts
FNF:0
FNH:0
DA:3,9
DA:18,9
DA:26,9
DA:33,9
LF:4
LH:4
BRF:0
BRH:0
end_of_record
